rocksdb.lib(status.obj) : error LNK2038: '_ITERATOR_DEBUG_LEVEL'에 대해 불일치가 검색되었습니다. '0' 값이 '2'(MemtableFlush.obj에 위치) 값과 일치하지 않습니다.
rocksdb.lib(status.obj) : error LNK2038: 'RuntimeLibrary'에 대해 불일치가 검색되었습니다. 'MD_DynamicRelease' 값이 'MDd_DynamicDebug'(MemtableFlush.obj에 위치) 값과 일치하지 않습니다.
rocksdb.lib(options.obj) : error LNK2038: '_ITERATOR_DEBUG_LEVEL'에 대해 불일치가 검색되었습니다. '0' 값이 '2'(MemtableFlush.obj에 위치) 값과 일치하지 않습니다.
rocksdb.lib(options.obj) : error LNK2038: 'RuntimeLibrary'에 대해 불일치가 검색되었습니다. 'MD_DynamicRelease' 값이 'MDd_DynamicDebug'(MemtableFlush.obj에 위치) 값과 일치하지 않습니다.
rocksdb.lib(db_impl_open.obj) : error LNK2038: '_ITERATOR_DEBUG_LEVEL'에 대해 불일치가 검색되었습니다. '0' 값이 '2'(MemtableFlush.obj에 위치) 값과 일치하지 않습니다.
rocksdb.lib(db_impl_open.obj) : error LNK2038: 'RuntimeLibrary'에 대해 불일치가 검색되었습니다. 'MD_DynamicRelease' 값이 'MDd_DynamicDebug'(MemtableFlush.obj에 위치) 값과 일치하지 않습니다.
rocksdb.lib(slice.obj) : error LNK2038: '_ITERATOR_DEBUG_LEVEL'에 대해 불일치가 검색되었습니다. '0' 값이 '2'(MemtableFlush.obj에 위치) 값과 일치하지 않습니다.
rocksdb.lib(slice.obj) : error LNK2038: 'RuntimeLibrary'에 대해 불일치가 검색되었습니다. 'MD_DynamicRelease' 값이 'MDd_DynamicDebug'(MemtableFlush.obj에 위치) 값과 일치하지 않습니다.
rocksdb.lib(options_helper.obj) : error LNK2038: '_ITERATOR_DEBUG_LEVEL'에 대해 불일치가 검색되었습니다. '0' 값이 '2'(MemtableFlush.obj에 위치) 값과 일치하지 않습니다.
rocksdb.lib(options_helper.obj) : error LNK2038: 'RuntimeLibrary'에 대해 불일치가 검색되었습니다. 'MD_DynamicRelease' 값이 'MDd_DynamicDebug'(MemtableFlush.obj에 위치) 값과 일치하지 않습니다.
rocksdb.lib(lru_cache.obj) : error LNK2038: '_ITERATOR_DEBUG_LEVEL'에 대해 불일치가 검색되었습니다. '0' 값이 '2'(MemtableFlush.obj에 위치) 값과 일치하지 않습니다.
rocksdb.lib(lru_cache.obj) : error LNK2038: 'RuntimeLibrary'에 대해 불일치가 검색되었습니다. 'MD_DynamicRelease' 값이 'MDd_DynamicDebug'(MemtableFlush.obj에 위치) 값과 일치하지 않습니다.
rocksdb.lib(skiplistrep.obj) : error LNK2038: '_ITERATOR_DEBUG_LEVEL'에 대해 불일치가 검색되었습니다. '0' 값이 '2'(MemtableFlush.obj에 위치) 값과 일치하지 않습니다.
rocksdb.lib(skiplistrep.obj) : error LNK2038: 'RuntimeLibrary'에 대해 불일치가 검색되었습니다. 'MD_DynamicRelease' 값이 'MDd_DynamicDebug'(MemtableFlush.obj에 위치) 값과 일치하지 않습니다.
rocksdb.lib(comparator.obj) : error LNK2038: '_ITERATOR_DEBUG_LEVEL'에 대해 불일치가 검색되었습니다. '0' 값이 '2'(MemtableFlush.obj에 위치) 값과 일치하지 않습니다.
rocksdb.lib(comparator.obj) : error LNK2038: 'RuntimeLibrary'에 대해 불일치가 검색되었습니다. 'MD_DynamicRelease' 값이 'MDd_DynamicDebug'(MemtableFlush.obj에 위치) 값과 일치하지 않습니다.
rocksdb.lib(env_default.obj) : error LNK2038: '_ITERATOR_DEBUG_LEVEL'에 대해 불일치가 검색되었습니다. '0' 값이 '2'(MemtableFlush.obj에 위치) 값과 일치하지 않습니다.
rocksdb.lib(env_default.obj) : error LNK2038: 'RuntimeLibrary'에 대해 불일치가 검색되었습니다. 'MD_DynamicRelease' 값이 'MDd_DynamicDebug'(MemtableFlush.obj에 위치) 값과 일치하지 않습니다.
rocksdb.lib(env.obj) : error LNK2038: '_ITERATOR_DEBUG_LEVEL'에 대해 불일치가 검색되었습니다. '0' 값이 '2'(MemtableFlush.obj에 위치) 값과 일치하지 않습니다.
rocksdb.lib(env.obj) : error LNK2038: 'RuntimeLibrary'에 대해 불일치가 검색되었습니다. 'MD_DynamicRelease' 값이 'MDd_DynamicDebug'(MemtableFlush.obj에 위치) 값과 일치하지 않습니다.
rocksdb.lib(write_buffer_manager.obj) : error LNK2038: '_ITERATOR_DEBUG_LEVEL'에 대해 불일치가 검색되었습니다. '0' 값이 '2'(MemtableFlush.obj에 위치) 값과 일치하지 않습니다.
rocksdb.lib(write_buffer_manager.obj) : error LNK2038: 'RuntimeLibrary'에 대해 불일치가 검색되었습니다. 'MD_DynamicRelease' 값이 'MDd_DynamicDebug'(MemtableFlush.obj에 위치) 값과 일치하지 않습니다.
rocksdb.lib(db_options.obj) : error LNK2038: '_ITERATOR_DEBUG_LEVEL'에 대해 불일치가 검색되었습니다. '0' 값이 '2'(MemtableFlush.obj에 위치) 값과 일치하지 않습니다.
rocksdb.lib(db_options.obj) : error LNK2038: 'RuntimeLibrary'에 대해 불일치가 검색되었습니다. 'MD_DynamicRelease' 값이 'MDd_DynamicDebug'(MemtableFlush.obj에 위치) 값과 일치하지 않습니다.
rocksdb.lib(filter_policy.obj) : error LNK2038: '_ITERATOR_DEBUG_LEVEL'에 대해 불일치가 검색되었습니다. '0' 값이 '2'(MemtableFlush.obj에 위치) 값과 일치하지 않습니다.
rocksdb.lib(filter_policy.obj) : error LNK2038: 'RuntimeLibrary'에 대해 불일치가 검색되었습니다. 'MD_DynamicRelease' 값이 'MDd_DynamicDebug'(MemtableFlush.obj에 위치) 값과 일치하지 않습니다.
rocksdb.lib(block_based_table_factory.obj) : error LNK2038: '_ITERATOR_DEBUG_LEVEL'에 대해 불일치가 검색되었습니다. '0' 값이 '2'(MemtableFlush.obj에 위치) 값과 일치하지 않습니다.
rocksdb.lib(block_based_table_factory.obj) : error LNK2038: 'RuntimeLibrary'에 대해 불일치가 검색되었습니다. 'MD_DynamicRelease' 값이 'MDd_DynamicDebug'(MemtableFlush.obj에 위치) 값과 일치하지 않습니다.
rocksdb.lib(port_win.obj) : error LNK2038: '_ITERATOR_DEBUG_LEVEL'에 대해 불일치가 검색되었습니다. '0' 값이 '2'(MemtableFlush.obj에 위치) 값과 일치하지 않습니다.
rocksdb.lib(port_win.obj) : error LNK2038: 'RuntimeLibrary'에 대해 불일치가 검색되었습니다. 'MD_DynamicRelease' 값이 'MDd_DynamicDebug'(MemtableFlush.obj에 위치) 값과 일치하지 않습니다.
rocksdb.lib(format.cc.obj) : error LNK2038: '_ITERATOR_DEBUG_LEVEL'에 대해 불일치가 검색되었습니다. '0' 값이 '2'(MemtableFlush.obj에 위치) 값과 일치하지 않습니다.
rocksdb.lib(format.cc.obj) : error LNK2038: 'RuntimeLibrary'에 대해 불일치가 검색되었습니다. 'MD_DynamicRelease' 값이 'MDd_DynamicDebug'(MemtableFlush.obj에 위치) 값과 일치하지 않습니다.
rocksdb.lib(env_win.obj) : error LNK2038: '_ITERATOR_DEBUG_LEVEL'에 대해 불일치가 검색되었습니다. '0' 값이 '2'(MemtableFlush.obj에 위치) 값과 일치하지 않습니다.
rocksdb.lib(env_win.obj) : error LNK2038: 'RuntimeLibrary'에 대해 불일치가 검색되었습니다. 'MD_DynamicRelease' 값이 'MDd_DynamicDebug'(MemtableFlush.obj에 위치) 값과 일치하지 않습니다.
rocksdb.lib(auto_roll_logger.obj) : error LNK2038: '_ITERATOR_DEBUG_LEVEL'에 대해 불일치가 검색되었습니다. '0' 값이 '2'(MemtableFlush.obj에 위치) 값과 일치하지 않습니다.
rocksdb.lib(auto_roll_logger.obj) : error LNK2038: 'RuntimeLibrary'에 대해 불일치가 검색되었습니다. 'MD_DynamicRelease' 값이 'MDd_DynamicDebug'(MemtableFlush.obj에 위치) 값과 일치하지 않습니다.
rocksdb.lib(instrumented_mutex.obj) : error LNK2038: '_ITERATOR_DEBUG_LEVEL'에 대해 불일치가 검색되었습니다. '0' 값이 '2'(MemtableFlush.obj에 위치) 값과 일치하지 않습니다.
rocksdb.lib(instrumented_mutex.obj) : error LNK2038: 'RuntimeLibrary'에 대해 불일치가 검색되었습니다. 'MD_DynamicRelease' 값이 'MDd_DynamicDebug'(MemtableFlush.obj에 위치) 값과 일치하지 않습니다.
rocksdb.lib(file_system_tracer.obj) : error LNK2038: '_ITERATOR_DEBUG_LEVEL'에 대해 불일치가 검색되었습니다. '0' 값이 '2'(MemtableFlush.obj에 위치) 값과 일치하지 않습니다.
rocksdb.lib(file_system_tracer.obj) : error LNK2038: 'RuntimeLibrary'에 대해 불일치가 검색되었습니다. 'MD_DynamicRelease' 값이 'MDd_DynamicDebug'(MemtableFlush.obj에 위치) 값과 일치하지 않습니다.
rocksdb.lib(string_util.obj) : error LNK2038: '_ITERATOR_DEBUG_LEVEL'에 대해 불일치가 검색되었습니다. '0' 값이 '2'(MemtableFlush.obj에 위치) 값과 일치하지 않습니다.
rocksdb.lib(string_util.obj) : error LNK2038: 'RuntimeLibrary'에 대해 불일치가 검색되었습니다. 'MD_DynamicRelease' 값이 'MDd_DynamicDebug'(MemtableFlush.obj에 위치) 값과 일치하지 않습니다.
rocksdb.lib(arena.obj) : error LNK2038: '_ITERATOR_DEBUG_LEVEL'에 대해 불일치가 검색되었습니다. '0' 값이 '2'(MemtableFlush.obj에 위치) 값과 일치하지 않습니다.
rocksdb.lib(arena.obj) : error LNK2038: 'RuntimeLibrary'에 대해 불일치가 검색되었습니다. 'MD_DynamicRelease' 값이 'MDd_DynamicDebug'(MemtableFlush.obj에 위치) 값과 일치하지 않습니다.
rocksdb.lib(event_logger.obj) : error LNK2038: '_ITERATOR_DEBUG_LEVEL'에 대해 불일치가 검색되었습니다. '0' 값이 '2'(MemtableFlush.obj에 위치) 값과 일치하지 않습니다.
rocksdb.lib(event_logger.obj) : error LNK2038: 'RuntimeLibrary'에 대해 불일치가 검색되었습니다. 'MD_DynamicRelease' 값이 'MDd_DynamicDebug'(MemtableFlush.obj에 위치) 값과 일치하지 않습니다.
rocksdb.lib(wal_edit.obj) : error LNK2038: '_ITERATOR_DEBUG_LEVEL'에 대해 불일치가 검색되었습니다. '0' 값이 '2'(MemtableFlush.obj에 위치) 값과 일치하지 않습니다.
rocksdb.lib(wal_edit.obj) : error LNK2038: 'RuntimeLibrary'에 대해 불일치가 검색되었습니다. 'MD_DynamicRelease' 값이 'MDd_DynamicDebug'(MemtableFlush.obj에 위치) 값과 일치하지 않습니다.
rocksdb.lib(write_batch.obj) : error LNK2038: '_ITERATOR_DEBUG_LEVEL'에 대해 불일치가 검색되었습니다. '0' 값이 '2'(MemtableFlush.obj에 위치) 값과 일치하지 않습니다.
rocksdb.lib(write_batch.obj) : error LNK2038: 'RuntimeLibrary'에 대해 불일치가 검색되었습니다. 'MD_DynamicRelease' 값이 'MDd_DynamicDebug'(MemtableFlush.obj에 위치) 값과 일치하지 않습니다.
rocksdb.lib(version_edit.obj) : error LNK2038: '_ITERATOR_DEBUG_LEVEL'에 대해 불일치가 검색되었습니다. '0' 값이 '2'(MemtableFlush.obj에 위치) 값과 일치하지 않습니다.
rocksdb.lib(version_edit.obj) : error LNK2038: 'RuntimeLibrary'에 대해 불일치가 검색되었습니다. 'MD_DynamicRelease' 값이 'MDd_DynamicDebug'(MemtableFlush.obj에 위치) 값과 일치하지 않습니다.
rocksdb.lib(memtable.obj) : error LNK2038: '_ITERATOR_DEBUG_LEVEL'에 대해 불일치가 검색되었습니다. '0' 값이 '2'(MemtableFlush.obj에 위치) 값과 일치하지 않습니다.
rocksdb.lib(memtable.obj) : error LNK2038: 'RuntimeLibrary'에 대해 불일치가 검색되었습니다. 'MD_DynamicRelease' 값이 'MDd_DynamicDebug'(MemtableFlush.obj에 위치) 값과 일치하지 않습니다.
rocksdb.lib(thread_status_util.obj) : error LNK2038: '_ITERATOR_DEBUG_LEVEL'에 대해 불일치가 검색되었습니다. '0' 값이 '2'(MemtableFlush.obj에 위치) 값과 일치하지 않습니다.
rocksdb.lib(thread_status_util.obj) : error LNK2038: 'RuntimeLibrary'에 대해 불일치가 검색되었습니다. 'MD_DynamicRelease' 값이 'MDd_DynamicDebug'(MemtableFlush.obj에 위치) 값과 일치하지 않습니다.
rocksdb.lib(writable_file_writer.obj) : error LNK2038: '_ITERATOR_DEBUG_LEVEL'에 대해 불일치가 검색되었습니다. '0' 값이 '2'(MemtableFlush.obj에 위치) 값과 일치하지 않습니다.
rocksdb.lib(writable_file_writer.obj) : error LNK2038: 'RuntimeLibrary'에 대해 불일치가 검색되었습니다. 'MD_DynamicRelease' 값이 'MDd_DynamicDebug'(MemtableFlush.obj에 위치) 값과 일치하지 않습니다.
rocksdb.lib(filename.obj) : error LNK2038: '_ITERATOR_DEBUG_LEVEL'에 대해 불일치가 검색되었습니다. '0' 값이 '2'(MemtableFlush.obj에 위치) 값과 일치하지 않습니다.
rocksdb.lib(filename.obj) : error LNK2038: 'RuntimeLibrary'에 대해 불일치가 검색되었습니다. 'MD_DynamicRelease' 값이 'MDd_DynamicDebug'(MemtableFlush.obj에 위치) 값과 일치하지 않습니다.
rocksdb.lib(flush_scheduler.obj) : error LNK2038: '_ITERATOR_DEBUG_LEVEL'에 대해 불일치가 검색되었습니다. '0' 값이 '2'(MemtableFlush.obj에 위치) 값과 일치하지 않습니다.
rocksdb.lib(flush_scheduler.obj) : error LNK2038: 'RuntimeLibrary'에 대해 불일치가 검색되었습니다. 'MD_DynamicRelease' 값이 'MDd_DynamicDebug'(MemtableFlush.obj에 위치) 값과 일치하지 않습니다.
rocksdb.lib(trim_history_scheduler.obj) : error LNK2038: '_ITERATOR_DEBUG_LEVEL'에 대해 불일치가 검색되었습니다. '0' 값이 '2'(MemtableFlush.obj에 위치) 값과 일치하지 않습니다.
rocksdb.lib(trim_history_scheduler.obj) : error LNK2038: 'RuntimeLibrary'에 대해 불일치가 검색되었습니다. 'MD_DynamicRelease' 값이 'MDd_DynamicDebug'(MemtableFlush.obj에 위치) 값과 일치하지 않습니다.
rocksdb.lib(column_family.obj) : error LNK2038: '_ITERATOR_DEBUG_LEVEL'에 대해 불일치가 검색되었습니다. '0' 값이 '2'(MemtableFlush.obj에 위치) 값과 일치하지 않습니다.
rocksdb.lib(column_family.obj) : error LNK2038: 'RuntimeLibrary'에 대해 불일치가 검색되었습니다. 'MD_DynamicRelease' 값이 'MDd_DynamicDebug'(MemtableFlush.obj에 위치) 값과 일치하지 않습니다.
rocksdb.lib(sequence_file_reader.obj) : error LNK2038: '_ITERATOR_DEBUG_LEVEL'에 대해 불일치가 검색되었습니다. '0' 값이 '2'(MemtableFlush.obj에 위치) 값과 일치하지 않습니다.
rocksdb.lib(sequence_file_reader.obj) : error LNK2038: 'RuntimeLibrary'에 대해 불일치가 검색되었습니다. 'MD_DynamicRelease' 값이 'MDd_DynamicDebug'(MemtableFlush.obj에 위치) 값과 일치하지 않습니다.
rocksdb.lib(udt_util.obj) : error LNK2038: '_ITERATOR_DEBUG_LEVEL'에 대해 불일치가 검색되었습니다. '0' 값이 '2'(MemtableFlush.obj에 위치) 값과 일치하지 않습니다.
rocksdb.lib(udt_util.obj) : error LNK2038: 'RuntimeLibrary'에 대해 불일치가 검색되었습니다. 'MD_DynamicRelease' 값이 'MDd_DynamicDebug'(MemtableFlush.obj에 위치) 값과 일치하지 않습니다.
rocksdb.lib(log_reader.obj) : error LNK2038: '_ITERATOR_DEBUG_LEVEL'에 대해 불일치가 검색되었습니다. '0' 값이 '2'(MemtableFlush.obj에 위치) 값과 일치하지 않습니다.
rocksdb.lib(log_reader.obj) : error LNK2038: 'RuntimeLibrary'에 대해 불일치가 검색되었습니다. 'MD_DynamicRelease' 값이 'MDd_DynamicDebug'(MemtableFlush.obj에 위치) 값과 일치하지 않습니다.
rocksdb.lib(version_set.obj) : error LNK2038: '_ITERATOR_DEBUG_LEVEL'에 대해 불일치가 검색되었습니다. '0' 값이 '2'(MemtableFlush.obj에 위치) 값과 일치하지 않습니다.
rocksdb.lib(version_set.obj) : error LNK2038: 'RuntimeLibrary'에 대해 불일치가 검색되었습니다. 'MD_DynamicRelease' 값이 'MDd_DynamicDebug'(MemtableFlush.obj에 위치) 값과 일치하지 않습니다.
rocksdb.lib(builder.obj) : error LNK2038: '_ITERATOR_DEBUG_LEVEL'에 대해 불일치가 검색되었습니다. '0' 값이 '2'(MemtableFlush.obj에 위치) 값과 일치하지 않습니다.
rocksdb.lib(builder.obj) : error LNK2038: 'RuntimeLibrary'에 대해 불일치가 검색되었습니다. 'MD_DynamicRelease' 값이 'MDd_DynamicDebug'(MemtableFlush.obj에 위치) 값과 일치하지 않습니다.
rocksdb.lib(snapshot_checker.obj) : error LNK2038: '_ITERATOR_DEBUG_LEVEL'에 대해 불일치가 검색되었습니다. '0' 값이 '2'(MemtableFlush.obj에 위치) 값과 일치하지 않습니다.
rocksdb.lib(snapshot_checker.obj) : error LNK2038: 'RuntimeLibrary'에 대해 불일치가 검색되었습니다. 'MD_DynamicRelease' 값이 'MDd_DynamicDebug'(MemtableFlush.obj에 위치) 값과 일치하지 않습니다.
rocksdb.lib(delete_scheduler.obj) : error LNK2038: '_ITERATOR_DEBUG_LEVEL'에 대해 불일치가 검색되었습니다. '0' 값이 '2'(MemtableFlush.obj에 위치) 값과 일치하지 않습니다.
rocksdb.lib(delete_scheduler.obj) : error LNK2038: 'RuntimeLibrary'에 대해 불일치가 검색되었습니다. 'MD_DynamicRelease' 값이 'MDd_DynamicDebug'(MemtableFlush.obj에 위치) 값과 일치하지 않습니다.
rocksdb.lib(sst_file_manager_impl.obj) : error LNK2038: '_ITERATOR_DEBUG_LEVEL'에 대해 불일치가 검색되었습니다. '0' 값이 '2'(MemtableFlush.obj에 위치) 값과 일치하지 않습니다.
rocksdb.lib(sst_file_manager_impl.obj) : error LNK2038: 'RuntimeLibrary'에 대해 불일치가 검색되었습니다. 'MD_DynamicRelease' 값이 'MDd_DynamicDebug'(MemtableFlush.obj에 위치) 값과 일치하지 않습니다.
rocksdb.lib(log_writer.obj) : error LNK2038: '_ITERATOR_DEBUG_LEVEL'에 대해 불일치가 검색되었습니다. '0' 값이 '2'(MemtableFlush.obj에 위치) 값과 일치하지 않습니다.
rocksdb.lib(log_writer.obj) : error LNK2038: 'RuntimeLibrary'에 대해 불일치가 검색되었습니다. 'MD_DynamicRelease' 값이 'MDd_DynamicDebug'(MemtableFlush.obj에 위치) 값과 일치하지 않습니다.
rocksdb.lib(db_impl.obj) : error LNK2038: '_ITERATOR_DEBUG_LEVEL'에 대해 불일치가 검색되었습니다. '0' 값이 '2'(MemtableFlush.obj에 위치) 값과 일치하지 않습니다.
rocksdb.lib(db_impl.obj) : error LNK2038: 'RuntimeLibrary'에 대해 불일치가 검색되었습니다. 'MD_DynamicRelease' 값이 'MDd_DynamicDebug'(MemtableFlush.obj에 위치) 값과 일치하지 않습니다.
rocksdb.lib(db_impl_compaction_flush.obj) : error LNK2038: '_ITERATOR_DEBUG_LEVEL'에 대해 불일치가 검색되었습니다. '0' 값이 '2'(MemtableFlush.obj에 위치) 값과 일치하지 않습니다.
rocksdb.lib(db_impl_compaction_flush.obj) : error LNK2038: 'RuntimeLibrary'에 대해 불일치가 검색되었습니다. 'MD_DynamicRelease' 값이 'MDd_DynamicDebug'(MemtableFlush.obj에 위치) 값과 일치하지 않습니다.
rocksdb.lib(db_impl_files.obj) : error LNK2038: '_ITERATOR_DEBUG_LEVEL'에 대해 불일치가 검색되었습니다. '0' 값이 '2'(MemtableFlush.obj에 위치) 값과 일치하지 않습니다.
rocksdb.lib(db_impl_files.obj) : error LNK2038: 'RuntimeLibrary'에 대해 불일치가 검색되었습니다. 'MD_DynamicRelease' 값이 'MDd_DynamicDebug'(MemtableFlush.obj에 위치) 값과 일치하지 않습니다.
rocksdb.lib(db_impl_write.obj) : error LNK2038: '_ITERATOR_DEBUG_LEVEL'에 대해 불일치가 검색되었습니다. '0' 값이 '2'(MemtableFlush.obj에 위치) 값과 일치하지 않습니다.
rocksdb.lib(db_impl_write.obj) : error LNK2038: 'RuntimeLibrary'에 대해 불일치가 검색되었습니다. 'MD_DynamicRelease' 값이 'MDd_DynamicDebug'(MemtableFlush.obj에 위치) 값과 일치하지 않습니다.
rocksdb.lib(read_write_util.obj) : error LNK2038: '_ITERATOR_DEBUG_LEVEL'에 대해 불일치가 검색되었습니다. '0' 값이 '2'(MemtableFlush.obj에 위치) 값과 일치하지 않습니다.
rocksdb.lib(read_write_util.obj) : error LNK2038: 'RuntimeLibrary'에 대해 불일치가 검색되었습니다. 'MD_DynamicRelease' 값이 'MDd_DynamicDebug'(MemtableFlush.obj에 위치) 값과 일치하지 않습니다.
rocksdb.lib(persistent_stats_history.obj) : error LNK2038: '_ITERATOR_DEBUG_LEVEL'에 대해 불일치가 검색되었습니다. '0' 값이 '2'(MemtableFlush.obj에 위치) 값과 일치하지 않습니다.
rocksdb.lib(persistent_stats_history.obj) : error LNK2038: 'RuntimeLibrary'에 대해 불일치가 검색되었습니다. 'MD_DynamicRelease' 값이 'MDd_DynamicDebug'(MemtableFlush.obj에 위치) 값과 일치하지 않습니다.
rocksdb.lib(table_properties.obj) : error LNK2038: '_ITERATOR_DEBUG_LEVEL'에 대해 불일치가 검색되었습니다. '0' 값이 '2'(MemtableFlush.obj에 위치) 값과 일치하지 않습니다.
rocksdb.lib(table_properties.obj) : error LNK2038: 'RuntimeLibrary'에 대해 불일치가 검색되었습니다. 'MD_DynamicRelease' 값이 'MDd_DynamicDebug'(MemtableFlush.obj에 위치) 값과 일치하지 않습니다.
rocksdb.lib(cleanable.obj) : error LNK2038: '_ITERATOR_DEBUG_LEVEL'에 대해 불일치가 검색되었습니다. '0' 값이 '2'(MemtableFlush.obj에 위치) 값과 일치하지 않습니다.
rocksdb.lib(cleanable.obj) : error LNK2038: 'RuntimeLibrary'에 대해 불일치가 검색되었습니다. 'MD_DynamicRelease' 값이 'MDd_DynamicDebug'(MemtableFlush.obj에 위치) 값과 일치하지 않습니다.
rocksdb.lib(configurable.obj) : error LNK2038: '_ITERATOR_DEBUG_LEVEL'에 대해 불일치가 검색되었습니다. '0' 값이 '2'(MemtableFlush.obj에 위치) 값과 일치하지 않습니다.
rocksdb.lib(configurable.obj) : error LNK2038: 'RuntimeLibrary'에 대해 불일치가 검색되었습니다. 'MD_DynamicRelease' 값이 'MDd_DynamicDebug'(MemtableFlush.obj에 위치) 값과 일치하지 않습니다.
rocksdb.lib(customizable.obj) : error LNK2038: '_ITERATOR_DEBUG_LEVEL'에 대해 불일치가 검색되었습니다. '0' 값이 '2'(MemtableFlush.obj에 위치) 값과 일치하지 않습니다.
rocksdb.lib(customizable.obj) : error LNK2038: 'RuntimeLibrary'에 대해 불일치가 검색되었습니다. 'MD_DynamicRelease' 값이 'MDd_DynamicDebug'(MemtableFlush.obj에 위치) 값과 일치하지 않습니다.
rocksdb.lib(object_registry.obj) : error LNK2038: '_ITERATOR_DEBUG_LEVEL'에 대해 불일치가 검색되었습니다. '0' 값이 '2'(MemtableFlush.obj에 위치) 값과 일치하지 않습니다.
rocksdb.lib(object_registry.obj) : error LNK2038: 'RuntimeLibrary'에 대해 불일치가 검색되었습니다. 'MD_DynamicRelease' 값이 'MDd_DynamicDebug'(MemtableFlush.obj에 위치) 값과 일치하지 않습니다.
rocksdb.lib(cf_options.obj) : error LNK2038: '_ITERATOR_DEBUG_LEVEL'에 대해 불일치가 검색되었습니다. '0' 값이 '2'(MemtableFlush.obj에 위치) 값과 일치하지 않습니다.
rocksdb.lib(cf_options.obj) : error LNK2038: 'RuntimeLibrary'에 대해 불일치가 검색되었습니다. 'MD_DynamicRelease' 값이 'MDd_DynamicDebug'(MemtableFlush.obj에 위치) 값과 일치하지 않습니다.
rocksdb.lib(cache.obj) : error LNK2038: '_ITERATOR_DEBUG_LEVEL'에 대해 불일치가 검색되었습니다. '0' 값이 '2'(MemtableFlush.obj에 위치) 값과 일치하지 않습니다.
rocksdb.lib(cache.obj) : error LNK2038: 'RuntimeLibrary'에 대해 불일치가 검색되었습니다. 'MD_DynamicRelease' 값이 'MDd_DynamicDebug'(MemtableFlush.obj에 위치) 값과 일치하지 않습니다.
rocksdb.lib(hash.obj) : error LNK2038: '_ITERATOR_DEBUG_LEVEL'에 대해 불일치가 검색되었습니다. '0' 값이 '2'(MemtableFlush.obj에 위치) 값과 일치하지 않습니다.
rocksdb.lib(hash.obj) : error LNK2038: 'RuntimeLibrary'에 대해 불일치가 검색되었습니다. 'MD_DynamicRelease' 값이 'MDd_DynamicDebug'(MemtableFlush.obj에 위치) 값과 일치하지 않습니다.
rocksdb.lib(sharded_cache.obj) : error LNK2038: '_ITERATOR_DEBUG_LEVEL'에 대해 불일치가 검색되었습니다. '0' 값이 '2'(MemtableFlush.obj에 위치) 값과 일치하지 않습니다.
rocksdb.lib(sharded_cache.obj) : error LNK2038: 'RuntimeLibrary'에 대해 불일치가 검색되었습니다. 'MD_DynamicRelease' 값이 'MDd_DynamicDebug'(MemtableFlush.obj에 위치) 값과 일치하지 않습니다.
rocksdb.lib(secondary_cache_adapter.obj) : error LNK2038: '_ITERATOR_DEBUG_LEVEL'에 대해 불일치가 검색되었습니다. '0' 값이 '2'(MemtableFlush.obj에 위치) 값과 일치하지 않습니다.
rocksdb.lib(secondary_cache_adapter.obj) : error LNK2038: 'RuntimeLibrary'에 대해 불일치가 검색되었습니다. 'MD_DynamicRelease' 값이 'MDd_DynamicDebug'(MemtableFlush.obj에 위치) 값과 일치하지 않습니다.
rocksdb.lib(random.obj) : error LNK2038: '_ITERATOR_DEBUG_LEVEL'에 대해 불일치가 검색되었습니다. '0' 값이 '2'(MemtableFlush.obj에 위치) 값과 일치하지 않습니다.
rocksdb.lib(random.obj) : error LNK2038: 'RuntimeLibrary'에 대해 불일치가 검색되었습니다. 'MD_DynamicRelease' 값이 'MDd_DynamicDebug'(MemtableFlush.obj에 위치) 값과 일치하지 않습니다.
rocksdb.lib(compression_context_cache.obj) : error LNK2038: '_ITERATOR_DEBUG_LEVEL'에 대해 불일치가 검색되었습니다. '0' 값이 '2'(MemtableFlush.obj에 위치) 값과 일치하지 않습니다.
rocksdb.lib(compression_context_cache.obj) : error LNK2038: 'RuntimeLibrary'에 대해 불일치가 검색되었습니다. 'MD_DynamicRelease' 값이 'MDd_DynamicDebug'(MemtableFlush.obj에 위치) 값과 일치하지 않습니다.
rocksdb.lib(thread_local.obj) : error LNK2038: '_ITERATOR_DEBUG_LEVEL'에 대해 불일치가 검색되었습니다. '0' 값이 '2'(MemtableFlush.obj에 위치) 값과 일치하지 않습니다.
rocksdb.lib(thread_local.obj) : error LNK2038: 'RuntimeLibrary'에 대해 불일치가 검색되었습니다. 'MD_DynamicRelease' 값이 'MDd_DynamicDebug'(MemtableFlush.obj에 위치) 값과 일치하지 않습니다.
rocksdb.lib(file_system.obj) : error LNK2038: '_ITERATOR_DEBUG_LEVEL'에 대해 불일치가 검색되었습니다. '0' 값이 '2'(MemtableFlush.obj에 위치) 값과 일치하지 않습니다.
rocksdb.lib(file_system.obj) : error LNK2038: 'RuntimeLibrary'에 대해 불일치가 검색되었습니다. 'MD_DynamicRelease' 값이 'MDd_DynamicDebug'(MemtableFlush.obj에 위치) 값과 일치하지 않습니다.
rocksdb.lib(composite_env.obj) : error LNK2038: '_ITERATOR_DEBUG_LEVEL'에 대해 불일치가 검색되었습니다. '0' 값이 '2'(MemtableFlush.obj에 위치) 값과 일치하지 않습니다.
rocksdb.lib(composite_env.obj) : error LNK2038: 'RuntimeLibrary'에 대해 불일치가 검색되었습니다. 'MD_DynamicRelease' 값이 'MDd_DynamicDebug'(MemtableFlush.obj에 위치) 값과 일치하지 않습니다.
rocksdb.lib(mock_env.obj) : error LNK2038: '_ITERATOR_DEBUG_LEVEL'에 대해 불일치가 검색되었습니다. '0' 값이 '2'(MemtableFlush.obj에 위치) 값과 일치하지 않습니다.
rocksdb.lib(mock_env.obj) : error LNK2038: 'RuntimeLibrary'에 대해 불일치가 검색되었습니다. 'MD_DynamicRelease' 값이 'MDd_DynamicDebug'(MemtableFlush.obj에 위치) 값과 일치하지 않습니다.
rocksdb.lib(unique_id_gen.obj) : error LNK2038: '_ITERATOR_DEBUG_LEVEL'에 대해 불일치가 검색되었습니다. '0' 값이 '2'(MemtableFlush.obj에 위치) 값과 일치하지 않습니다.
rocksdb.lib(unique_id_gen.obj) : error LNK2038: 'RuntimeLibrary'에 대해 불일치가 검색되었습니다. 'MD_DynamicRelease' 값이 'MDd_DynamicDebug'(MemtableFlush.obj에 위치) 값과 일치하지 않습니다.
rocksdb.lib(perf_level.obj) : error LNK2038: '_ITERATOR_DEBUG_LEVEL'에 대해 불일치가 검색되었습니다. '0' 값이 '2'(MemtableFlush.obj에 위치) 값과 일치하지 않습니다.
rocksdb.lib(perf_level.obj) : error LNK2038: 'RuntimeLibrary'에 대해 불일치가 검색되었습니다. 'MD_DynamicRelease' 값이 'MDd_DynamicDebug'(MemtableFlush.obj에 위치) 값과 일치하지 않습니다.
rocksdb.lib(iostats_context.obj) : error LNK2038: '_ITERATOR_DEBUG_LEVEL'에 대해 불일치가 검색되었습니다. '0' 값이 '2'(MemtableFlush.obj에 위치) 값과 일치하지 않습니다.
rocksdb.lib(iostats_context.obj) : error LNK2038: 'RuntimeLibrary'에 대해 불일치가 검색되었습니다. 'MD_DynamicRelease' 값이 'MDd_DynamicDebug'(MemtableFlush.obj에 위치) 값과 일치하지 않습니다.
rocksdb.lib(cache_reservation_manager.obj) : error LNK2038: '_ITERATOR_DEBUG_LEVEL'에 대해 불일치가 검색되었습니다. '0' 값이 '2'(MemtableFlush.obj에 위치) 값과 일치하지 않습니다.
rocksdb.lib(cache_reservation_manager.obj) : error LNK2038: 'RuntimeLibrary'에 대해 불일치가 검색되었습니다. 'MD_DynamicRelease' 값이 'MDd_DynamicDebug'(MemtableFlush.obj에 위치) 값과 일치하지 않습니다.
rocksdb.lib(file_checksum_helper.obj) : error LNK2038: '_ITERATOR_DEBUG_LEVEL'에 대해 불일치가 검색되었습니다. '0' 값이 '2'(MemtableFlush.obj에 위치) 값과 일치하지 않습니다.
rocksdb.lib(file_checksum_helper.obj) : error LNK2038: 'RuntimeLibrary'에 대해 불일치가 검색되었습니다. 'MD_DynamicRelease' 값이 'MDd_DynamicDebug'(MemtableFlush.obj에 위치) 값과 일치하지 않습니다.
rocksdb.lib(event_helpers.obj) : error LNK2038: '_ITERATOR_DEBUG_LEVEL'에 대해 불일치가 검색되었습니다. '0' 값이 '2'(MemtableFlush.obj에 위치) 값과 일치하지 않습니다.
rocksdb.lib(event_helpers.obj) : error LNK2038: 'RuntimeLibrary'에 대해 불일치가 검색되었습니다. 'MD_DynamicRelease' 값이 'MDd_DynamicDebug'(MemtableFlush.obj에 위치) 값과 일치하지 않습니다.
rocksdb.lib(statistics.obj) : error LNK2038: '_ITERATOR_DEBUG_LEVEL'에 대해 불일치가 검색되었습니다. '0' 값이 '2'(MemtableFlush.obj에 위치) 값과 일치하지 않습니다.
rocksdb.lib(statistics.obj) : error LNK2038: 'RuntimeLibrary'에 대해 불일치가 검색되었습니다. 'MD_DynamicRelease' 값이 'MDd_DynamicDebug'(MemtableFlush.obj에 위치) 값과 일치하지 않습니다.
rocksdb.lib(rate_limiter.obj) : error LNK2038: '_ITERATOR_DEBUG_LEVEL'에 대해 불일치가 검색되었습니다. '0' 값이 '2'(MemtableFlush.obj에 위치) 값과 일치하지 않습니다.
rocksdb.lib(rate_limiter.obj) : error LNK2038: 'RuntimeLibrary'에 대해 불일치가 검색되었습니다. 'MD_DynamicRelease' 값이 'MDd_DynamicDebug'(MemtableFlush.obj에 위치) 값과 일치하지 않습니다.
rocksdb.lib(wal_filter.obj) : error LNK2038: '_ITERATOR_DEBUG_LEVEL'에 대해 불일치가 검색되었습니다. '0' 값이 '2'(MemtableFlush.obj에 위치) 값과 일치하지 않습니다.
rocksdb.lib(wal_filter.obj) : error LNK2038: 'RuntimeLibrary'에 대해 불일치가 검색되었습니다. 'MD_DynamicRelease' 값이 'MDd_DynamicDebug'(MemtableFlush.obj에 위치) 값과 일치하지 않습니다.
rocksdb.lib(ribbon_config.obj) : error LNK2038: '_ITERATOR_DEBUG_LEVEL'에 대해 불일치가 검색되었습니다. '0' 값이 '2'(MemtableFlush.obj에 위치) 값과 일치하지 않습니다.
rocksdb.lib(ribbon_config.obj) : error LNK2038: 'RuntimeLibrary'에 대해 불일치가 검색되었습니다. 'MD_DynamicRelease' 값이 'MDd_DynamicDebug'(MemtableFlush.obj에 위치) 값과 일치하지 않습니다.
rocksdb.lib(cache_key.obj) : error LNK2038: '_ITERATOR_DEBUG_LEVEL'에 대해 불일치가 검색되었습니다. '0' 값이 '2'(MemtableFlush.obj에 위치) 값과 일치하지 않습니다.
rocksdb.lib(cache_key.obj) : error LNK2038: 'RuntimeLibrary'에 대해 불일치가 검색되었습니다. 'MD_DynamicRelease' 값이 'MDd_DynamicDebug'(MemtableFlush.obj에 위치) 값과 일치하지 않습니다.
rocksdb.lib(flush_block_policy.obj) : error LNK2038: '_ITERATOR_DEBUG_LEVEL'에 대해 불일치가 검색되었습니다. '0' 값이 '2'(MemtableFlush.obj에 위치) 값과 일치하지 않습니다.
rocksdb.lib(flush_block_policy.obj) : error LNK2038: 'RuntimeLibrary'에 대해 불일치가 검색되었습니다. 'MD_DynamicRelease' 값이 'MDd_DynamicDebug'(MemtableFlush.obj에 위치) 값과 일치하지 않습니다.
rocksdb.lib(block_based_table_builder.obj) : error LNK2038: '_ITERATOR_DEBUG_LEVEL'에 대해 불일치가 검색되었습니다. '0' 값이 '2'(MemtableFlush.obj에 위치) 값과 일치하지 않습니다.
rocksdb.lib(block_based_table_builder.obj) : error LNK2038: 'RuntimeLibrary'에 대해 불일치가 검색되었습니다. 'MD_DynamicRelease' 값이 'MDd_DynamicDebug'(MemtableFlush.obj에 위치) 값과 일치하지 않습니다.
rocksdb.lib(block_based_table_reader.obj) : error LNK2038: '_ITERATOR_DEBUG_LEVEL'에 대해 불일치가 검색되었습니다. '0' 값이 '2'(MemtableFlush.obj에 위치) 값과 일치하지 않습니다.
rocksdb.lib(block_based_table_reader.obj) : error LNK2038: 'RuntimeLibrary'에 대해 불일치가 검색되었습니다. 'MD_DynamicRelease' 값이 'MDd_DynamicDebug'(MemtableFlush.obj에 위치) 값과 일치하지 않습니다.
rocksdb.lib(cache_entry_roles.obj) : error LNK2038: '_ITERATOR_DEBUG_LEVEL'에 대해 불일치가 검색되었습니다. '0' 값이 '2'(MemtableFlush.obj에 위치) 값과 일치하지 않습니다.
rocksdb.lib(cache_entry_roles.obj) : error LNK2038: 'RuntimeLibrary'에 대해 불일치가 검색되었습니다. 'MD_DynamicRelease' 값이 'MDd_DynamicDebug'(MemtableFlush.obj에 위치) 값과 일치하지 않습니다.
rocksdb.lib(file_prefetch_buffer.obj) : error LNK2038: '_ITERATOR_DEBUG_LEVEL'에 대해 불일치가 검색되었습니다. '0' 값이 '2'(MemtableFlush.obj에 위치) 값과 일치하지 않습니다.
rocksdb.lib(file_prefetch_buffer.obj) : error LNK2038: 'RuntimeLibrary'에 대해 불일치가 검색되었습니다. 'MD_DynamicRelease' 값이 'MDd_DynamicDebug'(MemtableFlush.obj에 위치) 값과 일치하지 않습니다.
rocksdb.lib(random_access_file_reader.obj) : error LNK2038: '_ITERATOR_DEBUG_LEVEL'에 대해 불일치가 검색되었습니다. '0' 값이 '2'(MemtableFlush.obj에 위치) 값과 일치하지 않습니다.
rocksdb.lib(random_access_file_reader.obj) : error LNK2038: 'RuntimeLibrary'에 대해 불일치가 검색되었습니다. 'MD_DynamicRelease' 값이 'MDd_DynamicDebug'(MemtableFlush.obj에 위치) 값과 일치하지 않습니다.
rocksdb.lib(coding.obj) : error LNK2038: '_ITERATOR_DEBUG_LEVEL'에 대해 불일치가 검색되었습니다. '0' 값이 '2'(MemtableFlush.obj에 위치) 값과 일치하지 않습니다.
rocksdb.lib(coding.obj) : error LNK2038: 'RuntimeLibrary'에 대해 불일치가 검색되었습니다. 'MD_DynamicRelease' 값이 'MDd_DynamicDebug'(MemtableFlush.obj에 위치) 값과 일치하지 않습니다.
rocksdb.lib(crc32c.obj) : error LNK2038: '_ITERATOR_DEBUG_LEVEL'에 대해 불일치가 검색되었습니다. '0' 값이 '2'(MemtableFlush.obj에 위치) 값과 일치하지 않습니다.
rocksdb.lib(crc32c.obj) : error LNK2038: 'RuntimeLibrary'에 대해 불일치가 검색되었습니다. 'MD_DynamicRelease' 값이 'MDd_DynamicDebug'(MemtableFlush.obj에 위치) 값과 일치하지 않습니다.
rocksdb.lib(plain_table_builder.obj) : error LNK2038: '_ITERATOR_DEBUG_LEVEL'에 대해 불일치가 검색되었습니다. '0' 값이 '2'(MemtableFlush.obj에 위치) 값과 일치하지 않습니다.
rocksdb.lib(plain_table_builder.obj) : error LNK2038: 'RuntimeLibrary'에 대해 불일치가 검색되었습니다. 'MD_DynamicRelease' 값이 'MDd_DynamicDebug'(MemtableFlush.obj에 위치) 값과 일치하지 않습니다.
rocksdb.lib(win_thread.obj) : error LNK2038: '_ITERATOR_DEBUG_LEVEL'에 대해 불일치가 검색되었습니다. '0' 값이 '2'(MemtableFlush.obj에 위치) 값과 일치하지 않습니다.
rocksdb.lib(win_thread.obj) : error LNK2038: 'RuntimeLibrary'에 대해 불일치가 검색되었습니다. 'MD_DynamicRelease' 값이 'MDd_DynamicDebug'(MemtableFlush.obj에 위치) 값과 일치하지 않습니다.
rocksdb.lib(threadpool_imp.obj) : error LNK2038: '_ITERATOR_DEBUG_LEVEL'에 대해 불일치가 검색되었습니다. '0' 값이 '2'(MemtableFlush.obj에 위치) 값과 일치하지 않습니다.
rocksdb.lib(threadpool_imp.obj) : error LNK2038: 'RuntimeLibrary'에 대해 불일치가 검색되었습니다. 'MD_DynamicRelease' 값이 'MDd_DynamicDebug'(MemtableFlush.obj에 위치) 값과 일치하지 않습니다.
rocksdb.lib(thread_status_updater.obj) : error LNK2038: '_ITERATOR_DEBUG_LEVEL'에 대해 불일치가 검색되었습니다. '0' 값이 '2'(MemtableFlush.obj에 위치) 값과 일치하지 않습니다.
rocksdb.lib(thread_status_updater.obj) : error LNK2038: 'RuntimeLibrary'에 대해 불일치가 검색되었습니다. 'MD_DynamicRelease' 값이 'MDd_DynamicDebug'(MemtableFlush.obj에 위치) 값과 일치하지 않습니다.
rocksdb.lib(io_win.obj) : error LNK2038: '_ITERATOR_DEBUG_LEVEL'에 대해 불일치가 검색되었습니다. '0' 값이 '2'(MemtableFlush.obj에 위치) 값과 일치하지 않습니다.
rocksdb.lib(io_win.obj) : error LNK2038: 'RuntimeLibrary'에 대해 불일치가 검색되었습니다. 'MD_DynamicRelease' 값이 'MDd_DynamicDebug'(MemtableFlush.obj에 위치) 값과 일치하지 않습니다.
rocksdb.lib(win_logger.obj) : error LNK2038: '_ITERATOR_DEBUG_LEVEL'에 대해 불일치가 검색되었습니다. '0' 값이 '2'(MemtableFlush.obj에 위치) 값과 일치하지 않습니다.
rocksdb.lib(win_logger.obj) : error LNK2038: 'RuntimeLibrary'에 대해 불일치가 검색되었습니다. 'MD_DynamicRelease' 값이 'MDd_DynamicDebug'(MemtableFlush.obj에 위치) 값과 일치하지 않습니다.
rocksdb.lib(perf_context.obj) : error LNK2038: '_ITERATOR_DEBUG_LEVEL'에 대해 불일치가 검색되었습니다. '0' 값이 '2'(MemtableFlush.obj에 위치) 값과 일치하지 않습니다.
rocksdb.lib(perf_context.obj) : error LNK2038: 'RuntimeLibrary'에 대해 불일치가 검색되었습니다. 'MD_DynamicRelease' 값이 'MDd_DynamicDebug'(MemtableFlush.obj에 위치) 값과 일치하지 않습니다.
rocksdb.lib(io_tracer.obj) : error LNK2038: '_ITERATOR_DEBUG_LEVEL'에 대해 불일치가 검색되었습니다. '0' 값이 '2'(MemtableFlush.obj에 위치) 값과 일치하지 않습니다.
rocksdb.lib(io_tracer.obj) : error LNK2038: 'RuntimeLibrary'에 대해 불일치가 검색되었습니다. 'MD_DynamicRelease' 값이 'MDd_DynamicDebug'(MemtableFlush.obj에 위치) 값과 일치하지 않습니다.
rocksdb.lib(alloc_tracker.obj) : error LNK2038: '_ITERATOR_DEBUG_LEVEL'에 대해 불일치가 검색되었습니다. '0' 값이 '2'(MemtableFlush.obj에 위치) 값과 일치하지 않습니다.
rocksdb.lib(alloc_tracker.obj) : error LNK2038: 'RuntimeLibrary'에 대해 불일치가 검색되었습니다. 'MD_DynamicRelease' 값이 'MDd_DynamicDebug'(MemtableFlush.obj에 위치) 값과 일치하지 않습니다.
rocksdb.lib(mmap.obj) : error LNK2038: '_ITERATOR_DEBUG_LEVEL'에 대해 불일치가 검색되었습니다. '0' 값이 '2'(MemtableFlush.obj에 위치) 값과 일치하지 않습니다.
rocksdb.lib(mmap.obj) : error LNK2038: 'RuntimeLibrary'에 대해 불일치가 검색되었습니다. 'MD_DynamicRelease' 값이 'MDd_DynamicDebug'(MemtableFlush.obj에 위치) 값과 일치하지 않습니다.
rocksdb.lib(log_buffer.obj) : error LNK2038: '_ITERATOR_DEBUG_LEVEL'에 대해 불일치가 검색되었습니다. '0' 값이 '2'(MemtableFlush.obj에 위치) 값과 일치하지 않습니다.
rocksdb.lib(log_buffer.obj) : error LNK2038: 'RuntimeLibrary'에 대해 불일치가 검색되었습니다. 'MD_DynamicRelease' 값이 'MDd_DynamicDebug'(MemtableFlush.obj에 위치) 값과 일치하지 않습니다.
rocksdb.lib(write_batch_base.obj) : error LNK2038: '_ITERATOR_DEBUG_LEVEL'에 대해 불일치가 검색되었습니다. '0' 값이 '2'(MemtableFlush.obj에 위치) 값과 일치하지 않습니다.
rocksdb.lib(write_batch_base.obj) : error LNK2038: 'RuntimeLibrary'에 대해 불일치가 검색되었습니다. 'MD_DynamicRelease' 값이 'MDd_DynamicDebug'(MemtableFlush.obj에 위치) 값과 일치하지 않습니다.
rocksdb.lib(logs_with_prep_tracker.obj) : error LNK2038: '_ITERATOR_DEBUG_LEVEL'에 대해 불일치가 검색되었습니다. '0' 값이 '2'(MemtableFlush.obj에 위치) 값과 일치하지 않습니다.
rocksdb.lib(logs_with_prep_tracker.obj) : error LNK2038: 'RuntimeLibrary'에 대해 불일치가 검색되었습니다. 'MD_DynamicRelease' 값이 'MDd_DynamicDebug'(MemtableFlush.obj에 위치) 값과 일치하지 않습니다.
rocksdb.lib(seqno_to_time_mapping.obj) : error LNK2038: '_ITERATOR_DEBUG_LEVEL'에 대해 불일치가 검색되었습니다. '0' 값이 '2'(MemtableFlush.obj에 위치) 값과 일치하지 않습니다.
rocksdb.lib(seqno_to_time_mapping.obj) : error LNK2038: 'RuntimeLibrary'에 대해 불일치가 검색되었습니다. 'MD_DynamicRelease' 값이 'MDd_DynamicDebug'(MemtableFlush.obj에 위치) 값과 일치하지 않습니다.
rocksdb.lib(dbformat.obj) : error LNK2038: '_ITERATOR_DEBUG_LEVEL'에 대해 불일치가 검색되었습니다. '0' 값이 '2'(MemtableFlush.obj에 위치) 값과 일치하지 않습니다.
rocksdb.lib(dbformat.obj) : error LNK2038: 'RuntimeLibrary'에 대해 불일치가 검색되었습니다. 'MD_DynamicRelease' 값이 'MDd_DynamicDebug'(MemtableFlush.obj에 위치) 값과 일치하지 않습니다.
rocksdb.lib(memtable_list.obj) : error LNK2038: '_ITERATOR_DEBUG_LEVEL'에 대해 불일치가 검색되었습니다. '0' 값이 '2'(MemtableFlush.obj에 위치) 값과 일치하지 않습니다.
rocksdb.lib(memtable_list.obj) : error LNK2038: 'RuntimeLibrary'에 대해 불일치가 검색되었습니다. 'MD_DynamicRelease' 값이 'MDd_DynamicDebug'(MemtableFlush.obj에 위치) 값과 일치하지 않습니다.
rocksdb.lib(wide_column_serialization.obj) : error LNK2038: '_ITERATOR_DEBUG_LEVEL'에 대해 불일치가 검색되었습니다. '0' 값이 '2'(MemtableFlush.obj에 위치) 값과 일치하지 않습니다.
rocksdb.lib(wide_column_serialization.obj) : error LNK2038: 'RuntimeLibrary'에 대해 불일치가 검색되었습니다. 'MD_DynamicRelease' 값이 'MDd_DynamicDebug'(MemtableFlush.obj에 위치) 값과 일치하지 않습니다.
rocksdb.lib(merge_helper.obj) : error LNK2038: '_ITERATOR_DEBUG_LEVEL'에 대해 불일치가 검색되었습니다. '0' 값이 '2'(MemtableFlush.obj에 위치) 값과 일치하지 않습니다.
rocksdb.lib(merge_helper.obj) : error LNK2038: 'RuntimeLibrary'에 대해 불일치가 검색되었습니다. 'MD_DynamicRelease' 값이 'MDd_DynamicDebug'(MemtableFlush.obj에 위치) 값과 일치하지 않습니다.
rocksdb.lib(wide_columns_helper.obj) : error LNK2038: '_ITERATOR_DEBUG_LEVEL'에 대해 불일치가 검색되었습니다. '0' 값이 '2'(MemtableFlush.obj에 위치) 값과 일치하지 않습니다.
rocksdb.lib(wide_columns_helper.obj) : error LNK2038: 'RuntimeLibrary'에 대해 불일치가 검색되었습니다. 'MD_DynamicRelease' 값이 'MDd_DynamicDebug'(MemtableFlush.obj에 위치) 값과 일치하지 않습니다.
rocksdb.lib(wide_columns.obj) : error LNK2038: '_ITERATOR_DEBUG_LEVEL'에 대해 불일치가 검색되었습니다. '0' 값이 '2'(MemtableFlush.obj에 위치) 값과 일치하지 않습니다.
rocksdb.lib(wide_columns.obj) : error LNK2038: 'RuntimeLibrary'에 대해 불일치가 검색되었습니다. 'MD_DynamicRelease' 값이 'MDd_DynamicDebug'(MemtableFlush.obj에 위치) 값과 일치하지 않습니다.
rocksdb.lib(blob_file_addition.obj) : error LNK2038: '_ITERATOR_DEBUG_LEVEL'에 대해 불일치가 검색되었습니다. '0' 값이 '2'(MemtableFlush.obj에 위치) 값과 일치하지 않습니다.
rocksdb.lib(blob_file_addition.obj) : error LNK2038: 'RuntimeLibrary'에 대해 불일치가 검색되었습니다. 'MD_DynamicRelease' 값이 'MDd_DynamicDebug'(MemtableFlush.obj에 위치) 값과 일치하지 않습니다.
rocksdb.lib(blob_file_garbage.obj) : error LNK2038: '_ITERATOR_DEBUG_LEVEL'에 대해 불일치가 검색되었습니다. '0' 값이 '2'(MemtableFlush.obj에 위치) 값과 일치하지 않습니다.
rocksdb.lib(blob_file_garbage.obj) : error LNK2038: 'RuntimeLibrary'에 대해 불일치가 검색되었습니다. 'MD_DynamicRelease' 값이 'MDd_DynamicDebug'(MemtableFlush.obj에 위치) 값과 일치하지 않습니다.
rocksdb.lib(unique_id.obj) : error LNK2038: '_ITERATOR_DEBUG_LEVEL'에 대해 불일치가 검색되었습니다. '0' 값이 '2'(MemtableFlush.obj에 위치) 값과 일치하지 않습니다.
rocksdb.lib(unique_id.obj) : error LNK2038: 'RuntimeLibrary'에 대해 불일치가 검색되었습니다. 'MD_DynamicRelease' 값이 'MDd_DynamicDebug'(MemtableFlush.obj에 위치) 값과 일치하지 않습니다.
rocksdb.lib(range_tombstone_fragmenter.obj) : error LNK2038: '_ITERATOR_DEBUG_LEVEL'에 대해 불일치가 검색되었습니다. '0' 값이 '2'(MemtableFlush.obj에 위치) 값과 일치하지 않습니다.
rocksdb.lib(range_tombstone_fragmenter.obj) : error LNK2038: 'RuntimeLibrary'에 대해 불일치가 검색되었습니다. 'MD_DynamicRelease' 값이 'MDd_DynamicDebug'(MemtableFlush.obj에 위치) 값과 일치하지 않습니다.
rocksdb.lib(concurrent_arena.obj) : error LNK2038: '_ITERATOR_DEBUG_LEVEL'에 대해 불일치가 검색되었습니다. '0' 값이 '2'(MemtableFlush.obj에 위치) 값과 일치하지 않습니다.
rocksdb.lib(concurrent_arena.obj) : error LNK2038: 'RuntimeLibrary'에 대해 불일치가 검색되었습니다. 'MD_DynamicRelease' 값이 'MDd_DynamicDebug'(MemtableFlush.obj에 위치) 값과 일치하지 않습니다.
rocksdb.lib(dynamic_bloom.obj) : error LNK2038: '_ITERATOR_DEBUG_LEVEL'에 대해 불일치가 검색되었습니다. '0' 값이 '2'(MemtableFlush.obj에 위치) 값과 일치하지 않습니다.
rocksdb.lib(dynamic_bloom.obj) : error LNK2038: 'RuntimeLibrary'에 대해 불일치가 검색되었습니다. 'MD_DynamicRelease' 값이 'MDd_DynamicDebug'(MemtableFlush.obj에 위치) 값과 일치하지 않습니다.
rocksdb.lib(snapshot_impl.obj) : error LNK2038: '_ITERATOR_DEBUG_LEVEL'에 대해 불일치가 검색되었습니다. '0' 값이 '2'(MemtableFlush.obj에 위치) 값과 일치하지 않습니다.
rocksdb.lib(snapshot_impl.obj) : error LNK2038: 'RuntimeLibrary'에 대해 불일치가 검색되었습니다. 'MD_DynamicRelease' 값이 'MDd_DynamicDebug'(MemtableFlush.obj에 위치) 값과 일치하지 않습니다.
rocksdb.lib(table_properties_collector.obj) : error LNK2038: '_ITERATOR_DEBUG_LEVEL'에 대해 불일치가 검색되었습니다. '0' 값이 '2'(MemtableFlush.obj에 위치) 값과 일치하지 않습니다.
rocksdb.lib(table_properties_collector.obj) : error LNK2038: 'RuntimeLibrary'에 대해 불일치가 검색되었습니다. 'MD_DynamicRelease' 값이 'MDd_DynamicDebug'(MemtableFlush.obj에 위치) 값과 일치하지 않습니다.
rocksdb.lib(range_del_aggregator.obj) : error LNK2038: '_ITERATOR_DEBUG_LEVEL'에 대해 불일치가 검색되었습니다. '0' 값이 '2'(MemtableFlush.obj에 위치) 값과 일치하지 않습니다.
rocksdb.lib(range_del_aggregator.obj) : error LNK2038: 'RuntimeLibrary'에 대해 불일치가 검색되었습니다. 'MD_DynamicRelease' 값이 'MDd_DynamicDebug'(MemtableFlush.obj에 위치) 값과 일치하지 않습니다.
rocksdb.lib(table_cache.obj) : error LNK2038: '_ITERATOR_DEBUG_LEVEL'에 대해 불일치가 검색되었습니다. '0' 값이 '2'(MemtableFlush.obj에 위치) 값과 일치하지 않습니다.
rocksdb.lib(table_cache.obj) : error LNK2038: 'RuntimeLibrary'에 대해 불일치가 검색되었습니다. 'MD_DynamicRelease' 값이 'MDd_DynamicDebug'(MemtableFlush.obj에 위치) 값과 일치하지 않습니다.
rocksdb.lib(write_controller.obj) : error LNK2038: '_ITERATOR_DEBUG_LEVEL'에 대해 불일치가 검색되었습니다. '0' 값이 '2'(MemtableFlush.obj에 위치) 값과 일치하지 않습니다.
rocksdb.lib(write_controller.obj) : error LNK2038: 'RuntimeLibrary'에 대해 불일치가 검색되었습니다. 'MD_DynamicRelease' 값이 'MDd_DynamicDebug'(MemtableFlush.obj에 위치) 값과 일치하지 않습니다.
rocksdb.lib(blob_file_cache.obj) : error LNK2038: '_ITERATOR_DEBUG_LEVEL'에 대해 불일치가 검색되었습니다. '0' 값이 '2'(MemtableFlush.obj에 위치) 값과 일치하지 않습니다.
rocksdb.lib(blob_file_cache.obj) : error LNK2038: 'RuntimeLibrary'에 대해 불일치가 검색되었습니다. 'MD_DynamicRelease' 값이 'MDd_DynamicDebug'(MemtableFlush.obj에 위치) 값과 일치하지 않습니다.
rocksdb.lib(blob_source.obj) : error LNK2038: '_ITERATOR_DEBUG_LEVEL'에 대해 불일치가 검색되었습니다. '0' 값이 '2'(MemtableFlush.obj에 위치) 값과 일치하지 않습니다.
rocksdb.lib(blob_source.obj) : error LNK2038: 'RuntimeLibrary'에 대해 불일치가 검색되었습니다. 'MD_DynamicRelease' 값이 'MDd_DynamicDebug'(MemtableFlush.obj에 위치) 값과 일치하지 않습니다.
rocksdb.lib(compaction.obj) : error LNK2038: '_ITERATOR_DEBUG_LEVEL'에 대해 불일치가 검색되었습니다. '0' 값이 '2'(MemtableFlush.obj에 위치) 값과 일치하지 않습니다.
rocksdb.lib(compaction.obj) : error LNK2038: 'RuntimeLibrary'에 대해 불일치가 검색되었습니다. 'MD_DynamicRelease' 값이 'MDd_DynamicDebug'(MemtableFlush.obj에 위치) 값과 일치하지 않습니다.
rocksdb.lib(compaction_picker.obj) : error LNK2038: '_ITERATOR_DEBUG_LEVEL'에 대해 불일치가 검색되었습니다. '0' 값이 '2'(MemtableFlush.obj에 위치) 값과 일치하지 않습니다.
rocksdb.lib(compaction_picker.obj) : error LNK2038: 'RuntimeLibrary'에 대해 불일치가 검색되었습니다. 'MD_DynamicRelease' 값이 'MDd_DynamicDebug'(MemtableFlush.obj에 위치) 값과 일치하지 않습니다.
rocksdb.lib(compaction_picker_fifo.obj) : error LNK2038: '_ITERATOR_DEBUG_LEVEL'에 대해 불일치가 검색되었습니다. '0' 값이 '2'(MemtableFlush.obj에 위치) 값과 일치하지 않습니다.
rocksdb.lib(compaction_picker_fifo.obj) : error LNK2038: 'RuntimeLibrary'에 대해 불일치가 검색되었습니다. 'MD_DynamicRelease' 값이 'MDd_DynamicDebug'(MemtableFlush.obj에 위치) 값과 일치하지 않습니다.
rocksdb.lib(compaction_picker_level.obj) : error LNK2038: '_ITERATOR_DEBUG_LEVEL'에 대해 불일치가 검색되었습니다. '0' 값이 '2'(MemtableFlush.obj에 위치) 값과 일치하지 않습니다.
rocksdb.lib(compaction_picker_level.obj) : error LNK2038: 'RuntimeLibrary'에 대해 불일치가 검색되었습니다. 'MD_DynamicRelease' 값이 'MDd_DynamicDebug'(MemtableFlush.obj에 위치) 값과 일치하지 않습니다.
rocksdb.lib(compaction_picker_universal.obj) : error LNK2038: '_ITERATOR_DEBUG_LEVEL'에 대해 불일치가 검색되었습니다. '0' 값이 '2'(MemtableFlush.obj에 위치) 값과 일치하지 않습니다.
rocksdb.lib(compaction_picker_universal.obj) : error LNK2038: 'RuntimeLibrary'에 대해 불일치가 검색되었습니다. 'MD_DynamicRelease' 값이 'MDd_DynamicDebug'(MemtableFlush.obj에 위치) 값과 일치하지 않습니다.
rocksdb.lib(internal_stats.obj) : error LNK2038: '_ITERATOR_DEBUG_LEVEL'에 대해 불일치가 검색되었습니다. '0' 값이 '2'(MemtableFlush.obj에 위치) 값과 일치하지 않습니다.
rocksdb.lib(internal_stats.obj) : error LNK2038: 'RuntimeLibrary'에 대해 불일치가 검색되었습니다. 'MD_DynamicRelease' 값이 'MDd_DynamicDebug'(MemtableFlush.obj에 위치) 값과 일치하지 않습니다.
rocksdb.lib(merging_iterator.obj) : error LNK2038: '_ITERATOR_DEBUG_LEVEL'에 대해 불일치가 검색되었습니다. '0' 값이 '2'(MemtableFlush.obj에 위치) 값과 일치하지 않습니다.
rocksdb.lib(merging_iterator.obj) : error LNK2038: 'RuntimeLibrary'에 대해 불일치가 검색되었습니다. 'MD_DynamicRelease' 값이 'MDd_DynamicDebug'(MemtableFlush.obj에 위치) 값과 일치하지 않습니다.
rocksdb.lib(write_batch_util.obj) : error LNK2038: '_ITERATOR_DEBUG_LEVEL'에 대해 불일치가 검색되었습니다. '0' 값이 '2'(MemtableFlush.obj에 위치) 값과 일치하지 않습니다.
rocksdb.lib(write_batch_util.obj) : error LNK2038: 'RuntimeLibrary'에 대해 불일치가 검색되었습니다. 'MD_DynamicRelease' 값이 'MDd_DynamicDebug'(MemtableFlush.obj에 위치) 값과 일치하지 않습니다.
rocksdb.lib(compression.obj) : error LNK2038: '_ITERATOR_DEBUG_LEVEL'에 대해 불일치가 검색되었습니다. '0' 값이 '2'(MemtableFlush.obj에 위치) 값과 일치하지 않습니다.
rocksdb.lib(compression.obj) : error LNK2038: 'RuntimeLibrary'에 대해 불일치가 검색되었습니다. 'MD_DynamicRelease' 값이 'MDd_DynamicDebug'(MemtableFlush.obj에 위치) 값과 일치하지 않습니다.
rocksdb.lib(blob_file_meta.obj) : error LNK2038: '_ITERATOR_DEBUG_LEVEL'에 대해 불일치가 검색되었습니다. '0' 값이 '2'(MemtableFlush.obj에 위치) 값과 일치하지 않습니다.
rocksdb.lib(blob_file_meta.obj) : error LNK2038: 'RuntimeLibrary'에 대해 불일치가 검색되었습니다. 'MD_DynamicRelease' 값이 'MDd_DynamicDebug'(MemtableFlush.obj에 위치) 값과 일치하지 않습니다.
rocksdb.lib(get_context.obj) : error LNK2038: '_ITERATOR_DEBUG_LEVEL'에 대해 불일치가 검색되었습니다. '0' 값이 '2'(MemtableFlush.obj에 위치) 값과 일치하지 않습니다.
rocksdb.lib(get_context.obj) : error LNK2038: 'RuntimeLibrary'에 대해 불일치가 검색되었습니다. 'MD_DynamicRelease' 값이 'MDd_DynamicDebug'(MemtableFlush.obj에 위치) 값과 일치하지 않습니다.
rocksdb.lib(block_cache_tracer.obj) : error LNK2038: '_ITERATOR_DEBUG_LEVEL'에 대해 불일치가 검색되었습니다. '0' 값이 '2'(MemtableFlush.obj에 위치) 값과 일치하지 않습니다.
rocksdb.lib(block_cache_tracer.obj) : error LNK2038: 'RuntimeLibrary'에 대해 불일치가 검색되었습니다. 'MD_DynamicRelease' 값이 'MDd_DynamicDebug'(MemtableFlush.obj에 위치) 값과 일치하지 않습니다.
rocksdb.lib(error_handler.obj) : error LNK2038: '_ITERATOR_DEBUG_LEVEL'에 대해 불일치가 검색되었습니다. '0' 값이 '2'(MemtableFlush.obj에 위치) 값과 일치하지 않습니다.
rocksdb.lib(error_handler.obj) : error LNK2038: 'RuntimeLibrary'에 대해 불일치가 검색되었습니다. 'MD_DynamicRelease' 값이 'MDd_DynamicDebug'(MemtableFlush.obj에 위치) 값과 일치하지 않습니다.
rocksdb.lib(file_indexer.obj) : error LNK2038: '_ITERATOR_DEBUG_LEVEL'에 대해 불일치가 검색되었습니다. '0' 값이 '2'(MemtableFlush.obj에 위치) 값과 일치하지 않습니다.
rocksdb.lib(file_indexer.obj) : error LNK2038: 'RuntimeLibrary'에 대해 불일치가 검색되었습니다. 'MD_DynamicRelease' 값이 'MDd_DynamicDebug'(MemtableFlush.obj에 위치) 값과 일치하지 않습니다.
rocksdb.lib(version_builder.obj) : error LNK2038: '_ITERATOR_DEBUG_LEVEL'에 대해 불일치가 검색되었습니다. '0' 값이 '2'(MemtableFlush.obj에 위치) 값과 일치하지 않습니다.
rocksdb.lib(version_builder.obj) : error LNK2038: 'RuntimeLibrary'에 대해 불일치가 검색되었습니다. 'MD_DynamicRelease' 값이 'MDd_DynamicDebug'(MemtableFlush.obj에 위치) 값과 일치하지 않습니다.
rocksdb.lib(offpeak_time_info.obj) : error LNK2038: '_ITERATOR_DEBUG_LEVEL'에 대해 불일치가 검색되었습니다. '0' 값이 '2'(MemtableFlush.obj에 위치) 값과 일치하지 않습니다.
rocksdb.lib(offpeak_time_info.obj) : error LNK2038: 'RuntimeLibrary'에 대해 불일치가 검색되었습니다. 'MD_DynamicRelease' 값이 'MDd_DynamicDebug'(MemtableFlush.obj에 위치) 값과 일치하지 않습니다.
rocksdb.lib(version_edit_handler.obj) : error LNK2038: '_ITERATOR_DEBUG_LEVEL'에 대해 불일치가 검색되었습니다. '0' 값이 '2'(MemtableFlush.obj에 위치) 값과 일치하지 않습니다.
rocksdb.lib(version_edit_handler.obj) : error LNK2038: 'RuntimeLibrary'에 대해 불일치가 검색되었습니다. 'MD_DynamicRelease' 값이 'MDd_DynamicDebug'(MemtableFlush.obj에 위치) 값과 일치하지 않습니다.
rocksdb.lib(compaction_merging_iterator.obj) : error LNK2038: '_ITERATOR_DEBUG_LEVEL'에 대해 불일치가 검색되었습니다. '0' 값이 '2'(MemtableFlush.obj에 위치) 값과 일치하지 않습니다.
rocksdb.lib(compaction_merging_iterator.obj) : error LNK2038: 'RuntimeLibrary'에 대해 불일치가 검색되었습니다. 'MD_DynamicRelease' 값이 'MDd_DynamicDebug'(MemtableFlush.obj에 위치) 값과 일치하지 않습니다.
rocksdb.lib(meta_blocks.obj) : error LNK2038: '_ITERATOR_DEBUG_LEVEL'에 대해 불일치가 검색되었습니다. '0' 값이 '2'(MemtableFlush.obj에 위치) 값과 일치하지 않습니다.
rocksdb.lib(meta_blocks.obj) : error LNK2038: 'RuntimeLibrary'에 대해 불일치가 검색되었습니다. 'MD_DynamicRelease' 값이 'MDd_DynamicDebug'(MemtableFlush.obj에 위치) 값과 일치하지 않습니다.
rocksdb.lib(blob_file_builder.obj) : error LNK2038: '_ITERATOR_DEBUG_LEVEL'에 대해 불일치가 검색되었습니다. '0' 값이 '2'(MemtableFlush.obj에 위치) 값과 일치하지 않습니다.
rocksdb.lib(blob_file_builder.obj) : error LNK2038: 'RuntimeLibrary'에 대해 불일치가 검색되었습니다. 'MD_DynamicRelease' 값이 'MDd_DynamicDebug'(MemtableFlush.obj에 위치) 값과 일치하지 않습니다.
rocksdb.lib(compaction_iterator.obj) : error LNK2038: '_ITERATOR_DEBUG_LEVEL'에 대해 불일치가 검색되었습니다. '0' 값이 '2'(MemtableFlush.obj에 위치) 값과 일치하지 않습니다.
rocksdb.lib(compaction_iterator.obj) : error LNK2038: 'RuntimeLibrary'에 대해 불일치가 검색되었습니다. 'MD_DynamicRelease' 값이 'MDd_DynamicDebug'(MemtableFlush.obj에 위치) 값과 일치하지 않습니다.
rocksdb.lib(output_validator.obj) : error LNK2038: '_ITERATOR_DEBUG_LEVEL'에 대해 불일치가 검색되었습니다. '0' 값이 '2'(MemtableFlush.obj에 위치) 값과 일치하지 않습니다.
rocksdb.lib(output_validator.obj) : error LNK2038: 'RuntimeLibrary'에 대해 불일치가 검색되었습니다. 'MD_DynamicRelease' 값이 'MDd_DynamicDebug'(MemtableFlush.obj에 위치) 값과 일치하지 않습니다.
rocksdb.lib(file_util.obj) : error LNK2038: '_ITERATOR_DEBUG_LEVEL'에 대해 불일치가 검색되었습니다. '0' 값이 '2'(MemtableFlush.obj에 위치) 값과 일치하지 않습니다.
rocksdb.lib(file_util.obj) : error LNK2038: 'RuntimeLibrary'에 대해 불일치가 검색되었습니다. 'MD_DynamicRelease' 값이 'MDd_DynamicDebug'(MemtableFlush.obj에 위치) 값과 일치하지 않습니다.
rocksdb.lib(write_prepared_txn_db.obj) : error LNK2038: '_ITERATOR_DEBUG_LEVEL'에 대해 불일치가 검색되었습니다. '0' 값이 '2'(MemtableFlush.obj에 위치) 값과 일치하지 않습니다.
rocksdb.lib(write_prepared_txn_db.obj) : error LNK2038: 'RuntimeLibrary'에 대해 불일치가 검색되었습니다. 'MD_DynamicRelease' 값이 'MDd_DynamicDebug'(MemtableFlush.obj에 위치) 값과 일치하지 않습니다.
rocksdb.lib(build_version.obj) : error LNK2038: '_ITERATOR_DEBUG_LEVEL'에 대해 불일치가 검색되었습니다. '0' 값이 '2'(MemtableFlush.obj에 위치) 값과 일치하지 않습니다.
rocksdb.lib(build_version.obj) : error LNK2038: 'RuntimeLibrary'에 대해 불일치가 검색되었습니다. 'MD_DynamicRelease' 값이 'MDd_DynamicDebug'(MemtableFlush.obj에 위치) 값과 일치하지 않습니다.
rocksdb.lib(iterator.obj) : error LNK2038: '_ITERATOR_DEBUG_LEVEL'에 대해 불일치가 검색되었습니다. '0' 값이 '2'(MemtableFlush.obj에 위치) 값과 일치하지 않습니다.
rocksdb.lib(iterator.obj) : error LNK2038: 'RuntimeLibrary'에 대해 불일치가 검색되었습니다. 'MD_DynamicRelease' 값이 'MDd_DynamicDebug'(MemtableFlush.obj에 위치) 값과 일치하지 않습니다.
rocksdb.lib(trace_replay.obj) : error LNK2038: '_ITERATOR_DEBUG_LEVEL'에 대해 불일치가 검색되었습니다. '0' 값이 '2'(MemtableFlush.obj에 위치) 값과 일치하지 않습니다.
rocksdb.lib(trace_replay.obj) : error LNK2038: 'RuntimeLibrary'에 대해 불일치가 검색되었습니다. 'MD_DynamicRelease' 값이 'MDd_DynamicDebug'(MemtableFlush.obj에 위치) 값과 일치하지 않습니다.
rocksdb.lib(write_thread.obj) : error LNK2038: '_ITERATOR_DEBUG_LEVEL'에 대해 불일치가 검색되었습니다. '0' 값이 '2'(MemtableFlush.obj에 위치) 값과 일치하지 않습니다.
rocksdb.lib(write_thread.obj) : error LNK2038: 'RuntimeLibrary'에 대해 불일치가 검색되었습니다. 'MD_DynamicRelease' 값이 'MDd_DynamicDebug'(MemtableFlush.obj에 위치) 값과 일치하지 않습니다.
rocksdb.lib(external_sst_file_ingestion_job.obj) : error LNK2038: '_ITERATOR_DEBUG_LEVEL'에 대해 불일치가 검색되었습니다. '0' 값이 '2'(MemtableFlush.obj에 위치) 값과 일치하지 않습니다.
rocksdb.lib(external_sst_file_ingestion_job.obj) : error LNK2038: 'RuntimeLibrary'에 대해 불일치가 검색되었습니다. 'MD_DynamicRelease' 값이 'MDd_DynamicDebug'(MemtableFlush.obj에 위치) 값과 일치하지 않습니다.
rocksdb.lib(import_column_family_job.obj) : error LNK2038: '_ITERATOR_DEBUG_LEVEL'에 대해 불일치가 검색되었습니다. '0' 값이 '2'(MemtableFlush.obj에 위치) 값과 일치하지 않습니다.
rocksdb.lib(import_column_family_job.obj) : error LNK2038: 'RuntimeLibrary'에 대해 불일치가 검색되었습니다. 'MD_DynamicRelease' 값이 'MDd_DynamicDebug'(MemtableFlush.obj에 위치) 값과 일치하지 않습니다.
rocksdb.lib(periodic_task_scheduler.obj) : error LNK2038: '_ITERATOR_DEBUG_LEVEL'에 대해 불일치가 검색되었습니다. '0' 값이 '2'(MemtableFlush.obj에 위치) 값과 일치하지 않습니다.
rocksdb.lib(periodic_task_scheduler.obj) : error LNK2038: 'RuntimeLibrary'에 대해 불일치가 검색되었습니다. 'MD_DynamicRelease' 값이 'MDd_DynamicDebug'(MemtableFlush.obj에 위치) 값과 일치하지 않습니다.
rocksdb.lib(wal_manager.obj) : error LNK2038: '_ITERATOR_DEBUG_LEVEL'에 대해 불일치가 검색되었습니다. '0' 값이 '2'(MemtableFlush.obj에 위치) 값과 일치하지 않습니다.
rocksdb.lib(wal_manager.obj) : error LNK2038: 'RuntimeLibrary'에 대해 불일치가 검색되었습니다. 'MD_DynamicRelease' 값이 'MDd_DynamicDebug'(MemtableFlush.obj에 위치) 값과 일치하지 않습니다.
rocksdb.lib(db_filesnapshot.obj) : error LNK2038: '_ITERATOR_DEBUG_LEVEL'에 대해 불일치가 검색되었습니다. '0' 값이 '2'(MemtableFlush.obj에 위치) 값과 일치하지 않습니다.
rocksdb.lib(db_filesnapshot.obj) : error LNK2038: 'RuntimeLibrary'에 대해 불일치가 검색되었습니다. 'MD_DynamicRelease' 값이 'MDd_DynamicDebug'(MemtableFlush.obj에 위치) 값과 일치하지 않습니다.
rocksdb.lib(db_impl_experimental.obj) : error LNK2038: '_ITERATOR_DEBUG_LEVEL'에 대해 불일치가 검색되었습니다. '0' 값이 '2'(MemtableFlush.obj에 위치) 값과 일치하지 않습니다.
rocksdb.lib(db_impl_experimental.obj) : error LNK2038: 'RuntimeLibrary'에 대해 불일치가 검색되었습니다. 'MD_DynamicRelease' 값이 'MDd_DynamicDebug'(MemtableFlush.obj에 위치) 값과 일치하지 않습니다.
rocksdb.lib(db_iter.obj) : error LNK2038: '_ITERATOR_DEBUG_LEVEL'에 대해 불일치가 검색되었습니다. '0' 값이 '2'(MemtableFlush.obj에 위치) 값과 일치하지 않습니다.
rocksdb.lib(db_iter.obj) : error LNK2038: 'RuntimeLibrary'에 대해 불일치가 검색되었습니다. 'MD_DynamicRelease' 값이 'MDd_DynamicDebug'(MemtableFlush.obj에 위치) 값과 일치하지 않습니다.
rocksdb.lib(arena_wrapped_db_iter.obj) : error LNK2038: '_ITERATOR_DEBUG_LEVEL'에 대해 불일치가 검색되었습니다. '0' 값이 '2'(MemtableFlush.obj에 위치) 값과 일치하지 않습니다.
rocksdb.lib(arena_wrapped_db_iter.obj) : error LNK2038: 'RuntimeLibrary'에 대해 불일치가 검색되었습니다. 'MD_DynamicRelease' 값이 'MDd_DynamicDebug'(MemtableFlush.obj에 위치) 값과 일치하지 않습니다.
rocksdb.lib(attribute_group_iterator_impl.obj) : error LNK2038: '_ITERATOR_DEBUG_LEVEL'에 대해 불일치가 검색되었습니다. '0' 값이 '2'(MemtableFlush.obj에 위치) 값과 일치하지 않습니다.
rocksdb.lib(attribute_group_iterator_impl.obj) : error LNK2038: 'RuntimeLibrary'에 대해 불일치가 검색되었습니다. 'MD_DynamicRelease' 값이 'MDd_DynamicDebug'(MemtableFlush.obj에 위치) 값과 일치하지 않습니다.
rocksdb.lib(coalescing_iterator.obj) : error LNK2038: '_ITERATOR_DEBUG_LEVEL'에 대해 불일치가 검색되었습니다. '0' 값이 '2'(MemtableFlush.obj에 위치) 값과 일치하지 않습니다.
rocksdb.lib(coalescing_iterator.obj) : error LNK2038: 'RuntimeLibrary'에 대해 불일치가 검색되었습니다. 'MD_DynamicRelease' 값이 'MDd_DynamicDebug'(MemtableFlush.obj에 위치) 값과 일치하지 않습니다.
rocksdb.lib(convenience.obj) : error LNK2038: '_ITERATOR_DEBUG_LEVEL'에 대해 불일치가 검색되었습니다. '0' 값이 '2'(MemtableFlush.obj에 위치) 값과 일치하지 않습니다.
rocksdb.lib(convenience.obj) : error LNK2038: 'RuntimeLibrary'에 대해 불일치가 검색되었습니다. 'MD_DynamicRelease' 값이 'MDd_DynamicDebug'(MemtableFlush.obj에 위치) 값과 일치하지 않습니다.
rocksdb.lib(db_info_dumper.obj) : error LNK2038: '_ITERATOR_DEBUG_LEVEL'에 대해 불일치가 검색되었습니다. '0' 값이 '2'(MemtableFlush.obj에 위치) 값과 일치하지 않습니다.
rocksdb.lib(db_info_dumper.obj) : error LNK2038: 'RuntimeLibrary'에 대해 불일치가 검색되었습니다. 'MD_DynamicRelease' 값이 'MDd_DynamicDebug'(MemtableFlush.obj에 위치) 값과 일치하지 않습니다.
rocksdb.lib(forward_iterator.obj) : error LNK2038: '_ITERATOR_DEBUG_LEVEL'에 대해 불일치가 검색되었습니다. '0' 값이 '2'(MemtableFlush.obj에 위치) 값과 일치하지 않습니다.
rocksdb.lib(forward_iterator.obj) : error LNK2038: 'RuntimeLibrary'에 대해 불일치가 검색되었습니다. 'MD_DynamicRelease' 값이 'MDd_DynamicDebug'(MemtableFlush.obj에 위치) 값과 일치하지 않습니다.
rocksdb.lib(malloc_stats.obj) : error LNK2038: '_ITERATOR_DEBUG_LEVEL'에 대해 불일치가 검색되었습니다. '0' 값이 '2'(MemtableFlush.obj에 위치) 값과 일치하지 않습니다.
rocksdb.lib(malloc_stats.obj) : error LNK2038: 'RuntimeLibrary'에 대해 불일치가 검색되었습니다. 'MD_DynamicRelease' 값이 'MDd_DynamicDebug'(MemtableFlush.obj에 위치) 값과 일치하지 않습니다.
rocksdb.lib(in_memory_stats_history.obj) : error LNK2038: '_ITERATOR_DEBUG_LEVEL'에 대해 불일치가 검색되었습니다. '0' 값이 '2'(MemtableFlush.obj에 위치) 값과 일치하지 않습니다.
rocksdb.lib(in_memory_stats_history.obj) : error LNK2038: 'RuntimeLibrary'에 대해 불일치가 검색되었습니다. 'MD_DynamicRelease' 값이 'MDd_DynamicDebug'(MemtableFlush.obj에 위치) 값과 일치하지 않습니다.
rocksdb.lib(options_parser.obj) : error LNK2038: '_ITERATOR_DEBUG_LEVEL'에 대해 불일치가 검색되었습니다. '0' 값이 '2'(MemtableFlush.obj에 위치) 값과 일치하지 않습니다.
rocksdb.lib(options_parser.obj) : error LNK2038: 'RuntimeLibrary'에 대해 불일치가 검색되었습니다. 'MD_DynamicRelease' 값이 'MDd_DynamicDebug'(MemtableFlush.obj에 위치) 값과 일치하지 않습니다.
rocksdb.lib(replayer_impl.obj) : error LNK2038: '_ITERATOR_DEBUG_LEVEL'에 대해 불일치가 검색되었습니다. '0' 값이 '2'(MemtableFlush.obj에 위치) 값과 일치하지 않습니다.
rocksdb.lib(replayer_impl.obj) : error LNK2038: 'RuntimeLibrary'에 대해 불일치가 검색되었습니다. 'MD_DynamicRelease' 값이 'MDd_DynamicDebug'(MemtableFlush.obj에 위치) 값과 일치하지 않습니다.
rocksdb.lib(compaction_job_stats_impl.obj) : error LNK2038: '_ITERATOR_DEBUG_LEVEL'에 대해 불일치가 검색되었습니다. '0' 값이 '2'(MemtableFlush.obj에 위치) 값과 일치하지 않습니다.
rocksdb.lib(compaction_job_stats_impl.obj) : error LNK2038: 'RuntimeLibrary'에 대해 불일치가 검색되었습니다. 'MD_DynamicRelease' 값이 'MDd_DynamicDebug'(MemtableFlush.obj에 위치) 값과 일치하지 않습니다.
rocksdb.lib(compaction_job.obj) : error LNK2038: '_ITERATOR_DEBUG_LEVEL'에 대해 불일치가 검색되었습니다. '0' 값이 '2'(MemtableFlush.obj에 위치) 값과 일치하지 않습니다.
rocksdb.lib(compaction_job.obj) : error LNK2038: 'RuntimeLibrary'에 대해 불일치가 검색되었습니다. 'MD_DynamicRelease' 값이 'MDd_DynamicDebug'(MemtableFlush.obj에 위치) 값과 일치하지 않습니다.
rocksdb.lib(flush_job.obj) : error LNK2038: '_ITERATOR_DEBUG_LEVEL'에 대해 불일치가 검색되었습니다. '0' 값이 '2'(MemtableFlush.obj에 위치) 값과 일치하지 않습니다.
rocksdb.lib(flush_job.obj) : error LNK2038: 'RuntimeLibrary'에 대해 불일치가 검색되었습니다. 'MD_DynamicRelease' 값이 'MDd_DynamicDebug'(MemtableFlush.obj에 위치) 값과 일치하지 않습니다.
rocksdb.lib(concurrent_task_limiter_impl.obj) : error LNK2038: '_ITERATOR_DEBUG_LEVEL'에 대해 불일치가 검색되었습니다. '0' 값이 '2'(MemtableFlush.obj에 위치) 값과 일치하지 않습니다.
rocksdb.lib(concurrent_task_limiter_impl.obj) : error LNK2038: 'RuntimeLibrary'에 대해 불일치가 검색되었습니다. 'MD_DynamicRelease' 값이 'MDd_DynamicDebug'(MemtableFlush.obj에 위치) 값과 일치하지 않습니다.
rocksdb.lib(plain_table_factory.obj) : error LNK2038: '_ITERATOR_DEBUG_LEVEL'에 대해 불일치가 검색되었습니다. '0' 값이 '2'(MemtableFlush.obj에 위치) 값과 일치하지 않습니다.
rocksdb.lib(plain_table_factory.obj) : error LNK2038: 'RuntimeLibrary'에 대해 불일치가 검색되었습니다. 'MD_DynamicRelease' 값이 'MDd_DynamicDebug'(MemtableFlush.obj에 위치) 값과 일치하지 않습니다.
rocksdb.lib(compact_on_deletion_collector.obj) : error LNK2038: '_ITERATOR_DEBUG_LEVEL'에 대해 불일치가 검색되었습니다. '0' 값이 '2'(MemtableFlush.obj에 위치) 값과 일치하지 않습니다.
rocksdb.lib(compact_on_deletion_collector.obj) : error LNK2038: 'RuntimeLibrary'에 대해 불일치가 검색되었습니다. 'MD_DynamicRelease' 값이 'MDd_DynamicDebug'(MemtableFlush.obj에 위치) 값과 일치하지 않습니다.
rocksdb.lib(sst_partitioner.obj) : error LNK2038: '_ITERATOR_DEBUG_LEVEL'에 대해 불일치가 검색되었습니다. '0' 값이 '2'(MemtableFlush.obj에 위치) 값과 일치하지 않습니다.
rocksdb.lib(sst_partitioner.obj) : error LNK2038: 'RuntimeLibrary'에 대해 불일치가 검색되었습니다. 'MD_DynamicRelease' 값이 'MDd_DynamicDebug'(MemtableFlush.obj에 위치) 값과 일치하지 않습니다.
rocksdb.lib(table_factory.obj) : error LNK2038: '_ITERATOR_DEBUG_LEVEL'에 대해 불일치가 검색되었습니다. '0' 값이 '2'(MemtableFlush.obj에 위치) 값과 일치하지 않습니다.
rocksdb.lib(table_factory.obj) : error LNK2038: 'RuntimeLibrary'에 대해 불일치가 검색되었습니다. 'MD_DynamicRelease' 값이 'MDd_DynamicDebug'(MemtableFlush.obj에 위치) 값과 일치하지 않습니다.
rocksdb.lib(compaction_filters.obj) : error LNK2038: '_ITERATOR_DEBUG_LEVEL'에 대해 불일치가 검색되었습니다. '0' 값이 '2'(MemtableFlush.obj에 위치) 값과 일치하지 않습니다.
rocksdb.lib(compaction_filters.obj) : error LNK2038: 'RuntimeLibrary'에 대해 불일치가 검색되었습니다. 'MD_DynamicRelease' 값이 'MDd_DynamicDebug'(MemtableFlush.obj에 위치) 값과 일치하지 않습니다.
rocksdb.lib(merge_operators.obj) : error LNK2038: '_ITERATOR_DEBUG_LEVEL'에 대해 불일치가 검색되었습니다. '0' 값이 '2'(MemtableFlush.obj에 위치) 값과 일치하지 않습니다.
rocksdb.lib(merge_operators.obj) : error LNK2038: 'RuntimeLibrary'에 대해 불일치가 검색되었습니다. 'MD_DynamicRelease' 값이 'MDd_DynamicDebug'(MemtableFlush.obj에 위치) 값과 일치하지 않습니다.
rocksdb.lib(compressed_secondary_cache.obj) : error LNK2038: '_ITERATOR_DEBUG_LEVEL'에 대해 불일치가 검색되었습니다. '0' 값이 '2'(MemtableFlush.obj에 위치) 값과 일치하지 않습니다.
rocksdb.lib(compressed_secondary_cache.obj) : error LNK2038: 'RuntimeLibrary'에 대해 불일치가 검색되었습니다. 'MD_DynamicRelease' 값이 'MDd_DynamicDebug'(MemtableFlush.obj에 위치) 값과 일치하지 않습니다.
rocksdb.lib(clock_cache.obj) : error LNK2038: '_ITERATOR_DEBUG_LEVEL'에 대해 불일치가 검색되었습니다. '0' 값이 '2'(MemtableFlush.obj에 위치) 값과 일치하지 않습니다.
rocksdb.lib(clock_cache.obj) : error LNK2038: 'RuntimeLibrary'에 대해 불일치가 검색되었습니다. 'MD_DynamicRelease' 값이 'MDd_DynamicDebug'(MemtableFlush.obj에 위치) 값과 일치하지 않습니다.
rocksdb.lib(tiered_secondary_cache.obj) : error LNK2038: '_ITERATOR_DEBUG_LEVEL'에 대해 불일치가 검색되었습니다. '0' 값이 '2'(MemtableFlush.obj에 위치) 값과 일치하지 않습니다.
rocksdb.lib(tiered_secondary_cache.obj) : error LNK2038: 'RuntimeLibrary'에 대해 불일치가 검색되었습니다. 'MD_DynamicRelease' 값이 'MDd_DynamicDebug'(MemtableFlush.obj에 위치) 값과 일치하지 않습니다.
rocksdb.lib(env_encryption.obj) : error LNK2038: '_ITERATOR_DEBUG_LEVEL'에 대해 불일치가 검색되었습니다. '0' 값이 '2'(MemtableFlush.obj에 위치) 값과 일치하지 않습니다.
rocksdb.lib(env_encryption.obj) : error LNK2038: 'RuntimeLibrary'에 대해 불일치가 검색되었습니다. 'MD_DynamicRelease' 값이 'MDd_DynamicDebug'(MemtableFlush.obj에 위치) 값과 일치하지 않습니다.
rocksdb.lib(counted_fs.obj) : error LNK2038: '_ITERATOR_DEBUG_LEVEL'에 대해 불일치가 검색되었습니다. '0' 값이 '2'(MemtableFlush.obj에 위치) 값과 일치하지 않습니다.
rocksdb.lib(counted_fs.obj) : error LNK2038: 'RuntimeLibrary'에 대해 불일치가 검색되었습니다. 'MD_DynamicRelease' 값이 'MDd_DynamicDebug'(MemtableFlush.obj에 위치) 값과 일치하지 않습니다.
rocksdb.lib(env_timed.obj) : error LNK2038: '_ITERATOR_DEBUG_LEVEL'에 대해 불일치가 검색되었습니다. '0' 값이 '2'(MemtableFlush.obj에 위치) 값과 일치하지 않습니다.
rocksdb.lib(env_timed.obj) : error LNK2038: 'RuntimeLibrary'에 대해 불일치가 검색되었습니다. 'MD_DynamicRelease' 값이 'MDd_DynamicDebug'(MemtableFlush.obj에 위치) 값과 일치하지 않습니다.
rocksdb.lib(histogram.obj) : error LNK2038: '_ITERATOR_DEBUG_LEVEL'에 대해 불일치가 검색되었습니다. '0' 값이 '2'(MemtableFlush.obj에 위치) 값과 일치하지 않습니다.
rocksdb.lib(histogram.obj) : error LNK2038: 'RuntimeLibrary'에 대해 불일치가 검색되었습니다. 'MD_DynamicRelease' 값이 'MDd_DynamicDebug'(MemtableFlush.obj에 위치) 값과 일치하지 않습니다.
rocksdb.lib(block_builder.obj) : error LNK2038: '_ITERATOR_DEBUG_LEVEL'에 대해 불일치가 검색되었습니다. '0' 값이 '2'(MemtableFlush.obj에 위치) 값과 일치하지 않습니다.
rocksdb.lib(block_builder.obj) : error LNK2038: 'RuntimeLibrary'에 대해 불일치가 검색되었습니다. 'MD_DynamicRelease' 값이 'MDd_DynamicDebug'(MemtableFlush.obj에 위치) 값과 일치하지 않습니다.
rocksdb.lib(cache_helpers.obj) : error LNK2038: '_ITERATOR_DEBUG_LEVEL'에 대해 불일치가 검색되었습니다. '0' 값이 '2'(MemtableFlush.obj에 위치) 값과 일치하지 않습니다.
rocksdb.lib(cache_helpers.obj) : error LNK2038: 'RuntimeLibrary'에 대해 불일치가 검색되었습니다. 'MD_DynamicRelease' 값이 'MDd_DynamicDebug'(MemtableFlush.obj에 위치) 값과 일치하지 않습니다.
rocksdb.lib(block.obj) : error LNK2038: '_ITERATOR_DEBUG_LEVEL'에 대해 불일치가 검색되었습니다. '0' 값이 '2'(MemtableFlush.obj에 위치) 값과 일치하지 않습니다.
rocksdb.lib(block.obj) : error LNK2038: 'RuntimeLibrary'에 대해 불일치가 검색되었습니다. 'MD_DynamicRelease' 값이 'MDd_DynamicDebug'(MemtableFlush.obj에 위치) 값과 일치하지 않습니다.
rocksdb.lib(block_cache.obj) : error LNK2038: '_ITERATOR_DEBUG_LEVEL'에 대해 불일치가 검색되었습니다. '0' 값이 '2'(MemtableFlush.obj에 위치) 값과 일치하지 않습니다.
rocksdb.lib(block_cache.obj) : error LNK2038: 'RuntimeLibrary'에 대해 불일치가 검색되었습니다. 'MD_DynamicRelease' 값이 'MDd_DynamicDebug'(MemtableFlush.obj에 위치) 값과 일치하지 않습니다.
rocksdb.lib(index_builder.obj) : error LNK2038: '_ITERATOR_DEBUG_LEVEL'에 대해 불일치가 검색되었습니다. '0' 값이 '2'(MemtableFlush.obj에 위치) 값과 일치하지 않습니다.
rocksdb.lib(index_builder.obj) : error LNK2038: 'RuntimeLibrary'에 대해 불일치가 검색되었습니다. 'MD_DynamicRelease' 값이 'MDd_DynamicDebug'(MemtableFlush.obj에 위치) 값과 일치하지 않습니다.
rocksdb.lib(full_filter_block.obj) : error LNK2038: '_ITERATOR_DEBUG_LEVEL'에 대해 불일치가 검색되었습니다. '0' 값이 '2'(MemtableFlush.obj에 위치) 값과 일치하지 않습니다.
rocksdb.lib(full_filter_block.obj) : error LNK2038: 'RuntimeLibrary'에 대해 불일치가 검색되었습니다. 'MD_DynamicRelease' 값이 'MDd_DynamicDebug'(MemtableFlush.obj에 위치) 값과 일치하지 않습니다.
rocksdb.lib(partitioned_filter_block.obj) : error LNK2038: '_ITERATOR_DEBUG_LEVEL'에 대해 불일치가 검색되었습니다. '0' 값이 '2'(MemtableFlush.obj에 위치) 값과 일치하지 않습니다.
rocksdb.lib(partitioned_filter_block.obj) : error LNK2038: 'RuntimeLibrary'에 대해 불일치가 검색되었습니다. 'MD_DynamicRelease' 값이 'MDd_DynamicDebug'(MemtableFlush.obj에 위치) 값과 일치하지 않습니다.
rocksdb.lib(parsed_full_filter_block.obj) : error LNK2038: '_ITERATOR_DEBUG_LEVEL'에 대해 불일치가 검색되었습니다. '0' 값이 '2'(MemtableFlush.obj에 위치) 값과 일치하지 않습니다.
rocksdb.lib(parsed_full_filter_block.obj) : error LNK2038: 'RuntimeLibrary'에 대해 불일치가 검색되었습니다. 'MD_DynamicRelease' 값이 'MDd_DynamicDebug'(MemtableFlush.obj에 위치) 값과 일치하지 않습니다.
rocksdb.lib(uncompression_dict_reader.obj) : error LNK2038: '_ITERATOR_DEBUG_LEVEL'에 대해 불일치가 검색되었습니다. '0' 값이 '2'(MemtableFlush.obj에 위치) 값과 일치하지 않습니다.
rocksdb.lib(uncompression_dict_reader.obj) : error LNK2038: 'RuntimeLibrary'에 대해 불일치가 검색되었습니다. 'MD_DynamicRelease' 값이 'MDd_DynamicDebug'(MemtableFlush.obj에 위치) 값과 일치하지 않습니다.
rocksdb.lib(reader_common.obj) : error LNK2038: '_ITERATOR_DEBUG_LEVEL'에 대해 불일치가 검색되었습니다. '0' 값이 '2'(MemtableFlush.obj에 위치) 값과 일치하지 않습니다.
rocksdb.lib(reader_common.obj) : error LNK2038: 'RuntimeLibrary'에 대해 불일치가 검색되었습니다. 'MD_DynamicRelease' 값이 'MDd_DynamicDebug'(MemtableFlush.obj에 위치) 값과 일치하지 않습니다.
rocksdb.lib(binary_search_index_reader.obj) : error LNK2038: '_ITERATOR_DEBUG_LEVEL'에 대해 불일치가 검색되었습니다. '0' 값이 '2'(MemtableFlush.obj에 위치) 값과 일치하지 않습니다.
rocksdb.lib(binary_search_index_reader.obj) : error LNK2038: 'RuntimeLibrary'에 대해 불일치가 검색되었습니다. 'MD_DynamicRelease' 값이 'MDd_DynamicDebug'(MemtableFlush.obj에 위치) 값과 일치하지 않습니다.
rocksdb.lib(block_based_table_iterator.obj) : error LNK2038: '_ITERATOR_DEBUG_LEVEL'에 대해 불일치가 검색되었습니다. '0' 값이 '2'(MemtableFlush.obj에 위치) 값과 일치하지 않습니다.
rocksdb.lib(block_based_table_iterator.obj) : error LNK2038: 'RuntimeLibrary'에 대해 불일치가 검색되었습니다. 'MD_DynamicRelease' 값이 'MDd_DynamicDebug'(MemtableFlush.obj에 위치) 값과 일치하지 않습니다.
rocksdb.lib(hash_index_reader.obj) : error LNK2038: '_ITERATOR_DEBUG_LEVEL'에 대해 불일치가 검색되었습니다. '0' 값이 '2'(MemtableFlush.obj에 위치) 값과 일치하지 않습니다.
rocksdb.lib(hash_index_reader.obj) : error LNK2038: 'RuntimeLibrary'에 대해 불일치가 검색되었습니다. 'MD_DynamicRelease' 값이 'MDd_DynamicDebug'(MemtableFlush.obj에 위치) 값과 일치하지 않습니다.
rocksdb.lib(partitioned_index_reader.obj) : error LNK2038: '_ITERATOR_DEBUG_LEVEL'에 대해 불일치가 검색되었습니다. '0' 값이 '2'(MemtableFlush.obj에 위치) 값과 일치하지 않습니다.
rocksdb.lib(partitioned_index_reader.obj) : error LNK2038: 'RuntimeLibrary'에 대해 불일치가 검색되었습니다. 'MD_DynamicRelease' 값이 'MDd_DynamicDebug'(MemtableFlush.obj에 위치) 값과 일치하지 않습니다.
rocksdb.lib(block_fetcher.obj) : error LNK2038: '_ITERATOR_DEBUG_LEVEL'에 대해 불일치가 검색되었습니다. '0' 값이 '2'(MemtableFlush.obj에 위치) 값과 일치하지 않습니다.
rocksdb.lib(block_fetcher.obj) : error LNK2038: 'RuntimeLibrary'에 대해 불일치가 검색되었습니다. 'MD_DynamicRelease' 값이 'MDd_DynamicDebug'(MemtableFlush.obj에 위치) 값과 일치하지 않습니다.
rocksdb.lib(sst_file_writer.obj) : error LNK2038: '_ITERATOR_DEBUG_LEVEL'에 대해 불일치가 검색되었습니다. '0' 값이 '2'(MemtableFlush.obj에 위치) 값과 일치하지 않습니다.
rocksdb.lib(sst_file_writer.obj) : error LNK2038: 'RuntimeLibrary'에 대해 불일치가 검색되었습니다. 'MD_DynamicRelease' 값이 'MDd_DynamicDebug'(MemtableFlush.obj에 위치) 값과 일치하지 않습니다.
rocksdb.lib(plain_table_bloom.obj) : error LNK2038: '_ITERATOR_DEBUG_LEVEL'에 대해 불일치가 검색되었습니다. '0' 값이 '2'(MemtableFlush.obj에 위치) 값과 일치하지 않습니다.
rocksdb.lib(plain_table_bloom.obj) : error LNK2038: 'RuntimeLibrary'에 대해 불일치가 검색되었습니다. 'MD_DynamicRelease' 값이 'MDd_DynamicDebug'(MemtableFlush.obj에 위치) 값과 일치하지 않습니다.
rocksdb.lib(plain_table_index.obj) : error LNK2038: '_ITERATOR_DEBUG_LEVEL'에 대해 불일치가 검색되었습니다. '0' 값이 '2'(MemtableFlush.obj에 위치) 값과 일치하지 않습니다.
rocksdb.lib(plain_table_index.obj) : error LNK2038: 'RuntimeLibrary'에 대해 불일치가 검색되었습니다. 'MD_DynamicRelease' 값이 'MDd_DynamicDebug'(MemtableFlush.obj에 위치) 값과 일치하지 않습니다.
rocksdb.lib(plain_table_key_coding.obj) : error LNK2038: '_ITERATOR_DEBUG_LEVEL'에 대해 불일치가 검색되었습니다. '0' 값이 '2'(MemtableFlush.obj에 위치) 값과 일치하지 않습니다.
rocksdb.lib(plain_table_key_coding.obj) : error LNK2038: 'RuntimeLibrary'에 대해 불일치가 검색되었습니다. 'MD_DynamicRelease' 값이 'MDd_DynamicDebug'(MemtableFlush.obj에 위치) 값과 일치하지 않습니다.
rocksdb.lib(blob_fetcher.obj) : error LNK2038: '_ITERATOR_DEBUG_LEVEL'에 대해 불일치가 검색되었습니다. '0' 값이 '2'(MemtableFlush.obj에 위치) 값과 일치하지 않습니다.
rocksdb.lib(blob_fetcher.obj) : error LNK2038: 'RuntimeLibrary'에 대해 불일치가 검색되었습니다. 'MD_DynamicRelease' 값이 'MDd_DynamicDebug'(MemtableFlush.obj에 위치) 값과 일치하지 않습니다.
rocksdb.lib(prefetch_buffer_collection.obj) : error LNK2038: '_ITERATOR_DEBUG_LEVEL'에 대해 불일치가 검색되었습니다. '0' 값이 '2'(MemtableFlush.obj에 위치) 값과 일치하지 않습니다.
rocksdb.lib(prefetch_buffer_collection.obj) : error LNK2038: 'RuntimeLibrary'에 대해 불일치가 검색되었습니다. 'MD_DynamicRelease' 값이 'MDd_DynamicDebug'(MemtableFlush.obj에 위치) 값과 일치하지 않습니다.
rocksdb.lib(blob_file_reader.obj) : error LNK2038: '_ITERATOR_DEBUG_LEVEL'에 대해 불일치가 검색되었습니다. '0' 값이 '2'(MemtableFlush.obj에 위치) 값과 일치하지 않습니다.
rocksdb.lib(blob_file_reader.obj) : error LNK2038: 'RuntimeLibrary'에 대해 불일치가 검색되었습니다. 'MD_DynamicRelease' 값이 'MDd_DynamicDebug'(MemtableFlush.obj에 위치) 값과 일치하지 않습니다.
rocksdb.lib(blob_contents.obj) : error LNK2038: '_ITERATOR_DEBUG_LEVEL'에 대해 불일치가 검색되었습니다. '0' 값이 '2'(MemtableFlush.obj에 위치) 값과 일치하지 않습니다.
rocksdb.lib(blob_contents.obj) : error LNK2038: 'RuntimeLibrary'에 대해 불일치가 검색되었습니다. 'MD_DynamicRelease' 값이 'MDd_DynamicDebug'(MemtableFlush.obj에 위치) 값과 일치하지 않습니다.
rocksdb.lib(charged_cache.obj) : error LNK2038: '_ITERATOR_DEBUG_LEVEL'에 대해 불일치가 검색되었습니다. '0' 값이 '2'(MemtableFlush.obj에 위치) 값과 일치하지 않습니다.
rocksdb.lib(charged_cache.obj) : error LNK2038: 'RuntimeLibrary'에 대해 불일치가 검색되었습니다. 'MD_DynamicRelease' 값이 'MDd_DynamicDebug'(MemtableFlush.obj에 위치) 값과 일치하지 않습니다.
rocksdb.lib(write_stall_stats.obj) : error LNK2038: '_ITERATOR_DEBUG_LEVEL'에 대해 불일치가 검색되었습니다. '0' 값이 '2'(MemtableFlush.obj에 위치) 값과 일치하지 않습니다.
rocksdb.lib(write_stall_stats.obj) : error LNK2038: 'RuntimeLibrary'에 대해 불일치가 검색되었습니다. 'MD_DynamicRelease' 값이 'MDd_DynamicDebug'(MemtableFlush.obj에 위치) 값과 일치하지 않습니다.
rocksdb.lib(persistent_cache_helper.obj) : error LNK2038: '_ITERATOR_DEBUG_LEVEL'에 대해 불일치가 검색되었습니다. '0' 값이 '2'(MemtableFlush.obj에 위치) 값과 일치하지 않습니다.
rocksdb.lib(persistent_cache_helper.obj) : error LNK2038: 'RuntimeLibrary'에 대해 불일치가 검색되었습니다. 'MD_DynamicRelease' 값이 'MDd_DynamicDebug'(MemtableFlush.obj에 위치) 값과 일치하지 않습니다.
rocksdb.lib(blob_log_writer.obj) : error LNK2038: '_ITERATOR_DEBUG_LEVEL'에 대해 불일치가 검색되었습니다. '0' 값이 '2'(MemtableFlush.obj에 위치) 값과 일치하지 않습니다.
rocksdb.lib(blob_log_writer.obj) : error LNK2038: 'RuntimeLibrary'에 대해 불일치가 검색되었습니다. 'MD_DynamicRelease' 값이 'MDd_DynamicDebug'(MemtableFlush.obj에 위치) 값과 일치하지 않습니다.
rocksdb.lib(pessimistic_transaction.obj) : error LNK2038: '_ITERATOR_DEBUG_LEVEL'에 대해 불일치가 검색되었습니다. '0' 값이 '2'(MemtableFlush.obj에 위치) 값과 일치하지 않습니다.
rocksdb.lib(pessimistic_transaction.obj) : error LNK2038: 'RuntimeLibrary'에 대해 불일치가 검색되었습니다. 'MD_DynamicRelease' 값이 'MDd_DynamicDebug'(MemtableFlush.obj에 위치) 값과 일치하지 않습니다.
rocksdb.lib(write_prepared_txn.obj) : error LNK2038: '_ITERATOR_DEBUG_LEVEL'에 대해 불일치가 검색되었습니다. '0' 값이 '2'(MemtableFlush.obj에 위치) 값과 일치하지 않습니다.
rocksdb.lib(write_prepared_txn.obj) : error LNK2038: 'RuntimeLibrary'에 대해 불일치가 검색되었습니다. 'MD_DynamicRelease' 값이 'MDd_DynamicDebug'(MemtableFlush.obj에 위치) 값과 일치하지 않습니다.
rocksdb.lib(pessimistic_transaction_db.obj) : error LNK2038: '_ITERATOR_DEBUG_LEVEL'에 대해 불일치가 검색되었습니다. '0' 값이 '2'(MemtableFlush.obj에 위치) 값과 일치하지 않습니다.
rocksdb.lib(pessimistic_transaction_db.obj) : error LNK2038: 'RuntimeLibrary'에 대해 불일치가 검색되었습니다. 'MD_DynamicRelease' 값이 'MDd_DynamicDebug'(MemtableFlush.obj에 위치) 값과 일치하지 않습니다.
rocksdb.lib(trace_record.obj) : error LNK2038: '_ITERATOR_DEBUG_LEVEL'에 대해 불일치가 검색되었습니다. '0' 값이 '2'(MemtableFlush.obj에 위치) 값과 일치하지 않습니다.
rocksdb.lib(trace_record.obj) : error LNK2038: 'RuntimeLibrary'에 대해 불일치가 검색되었습니다. 'MD_DynamicRelease' 값이 'MDd_DynamicDebug'(MemtableFlush.obj에 위치) 값과 일치하지 않습니다.
rocksdb.lib(transaction_log_impl.obj) : error LNK2038: '_ITERATOR_DEBUG_LEVEL'에 대해 불일치가 검색되었습니다. '0' 값이 '2'(MemtableFlush.obj에 위치) 값과 일치하지 않습니다.
rocksdb.lib(transaction_log_impl.obj) : error LNK2038: 'RuntimeLibrary'에 대해 불일치가 검색되었습니다. 'MD_DynamicRelease' 값이 'MDd_DynamicDebug'(MemtableFlush.obj에 위치) 값과 일치하지 않습니다.
rocksdb.lib(line_file_reader.obj) : error LNK2038: '_ITERATOR_DEBUG_LEVEL'에 대해 불일치가 검색되었습니다. '0' 값이 '2'(MemtableFlush.obj에 위치) 값과 일치하지 않습니다.
rocksdb.lib(line_file_reader.obj) : error LNK2038: 'RuntimeLibrary'에 대해 불일치가 검색되었습니다. 'MD_DynamicRelease' 값이 'MDd_DynamicDebug'(MemtableFlush.obj에 위치) 값과 일치하지 않습니다.
rocksdb.lib(blob_garbage_meter.obj) : error LNK2038: '_ITERATOR_DEBUG_LEVEL'에 대해 불일치가 검색되었습니다. '0' 값이 '2'(MemtableFlush.obj에 위치) 값과 일치하지 않습니다.
rocksdb.lib(blob_garbage_meter.obj) : error LNK2038: 'RuntimeLibrary'에 대해 불일치가 검색되었습니다. 'MD_DynamicRelease' 값이 'MDd_DynamicDebug'(MemtableFlush.obj에 위치) 값과 일치하지 않습니다.
rocksdb.lib(compaction_outputs.obj) : error LNK2038: '_ITERATOR_DEBUG_LEVEL'에 대해 불일치가 검색되었습니다. '0' 값이 '2'(MemtableFlush.obj에 위치) 값과 일치하지 않습니다.
rocksdb.lib(compaction_outputs.obj) : error LNK2038: 'RuntimeLibrary'에 대해 불일치가 검색되었습니다. 'MD_DynamicRelease' 값이 'MDd_DynamicDebug'(MemtableFlush.obj에 위치) 값과 일치하지 않습니다.
rocksdb.lib(compaction_service_job.obj) : error LNK2038: '_ITERATOR_DEBUG_LEVEL'에 대해 불일치가 검색되었습니다. '0' 값이 '2'(MemtableFlush.obj에 위치) 값과 일치하지 않습니다.
rocksdb.lib(compaction_service_job.obj) : error LNK2038: 'RuntimeLibrary'에 대해 불일치가 검색되었습니다. 'MD_DynamicRelease' 값이 'MDd_DynamicDebug'(MemtableFlush.obj에 위치) 값과 일치하지 않습니다.
rocksdb.lib(subcompaction_state.obj) : error LNK2038: '_ITERATOR_DEBUG_LEVEL'에 대해 불일치가 검색되었습니다. '0' 값이 '2'(MemtableFlush.obj에 위치) 값과 일치하지 않습니다.
rocksdb.lib(subcompaction_state.obj) : error LNK2038: 'RuntimeLibrary'에 대해 불일치가 검색되었습니다. 'MD_DynamicRelease' 값이 'MDd_DynamicDebug'(MemtableFlush.obj에 위치) 값과 일치하지 않습니다.
rocksdb.lib(compaction_state.obj) : error LNK2038: '_ITERATOR_DEBUG_LEVEL'에 대해 불일치가 검색되었습니다. '0' 값이 '2'(MemtableFlush.obj에 위치) 값과 일치하지 않습니다.
rocksdb.lib(compaction_state.obj) : error LNK2038: 'RuntimeLibrary'에 대해 불일치가 검색되었습니다. 'MD_DynamicRelease' 값이 'MDd_DynamicDebug'(MemtableFlush.obj에 위치) 값과 일치하지 않습니다.
rocksdb.lib(vectorrep.obj) : error LNK2038: '_ITERATOR_DEBUG_LEVEL'에 대해 불일치가 검색되었습니다. '0' 값이 '2'(MemtableFlush.obj에 위치) 값과 일치하지 않습니다.
rocksdb.lib(vectorrep.obj) : error LNK2038: 'RuntimeLibrary'에 대해 불일치가 검색되었습니다. 'MD_DynamicRelease' 값이 'MDd_DynamicDebug'(MemtableFlush.obj에 위치) 값과 일치하지 않습니다.
rocksdb.lib(hash_skiplist_rep.obj) : error LNK2038: '_ITERATOR_DEBUG_LEVEL'에 대해 불일치가 검색되었습니다. '0' 값이 '2'(MemtableFlush.obj에 위치) 값과 일치하지 않습니다.
rocksdb.lib(hash_skiplist_rep.obj) : error LNK2038: 'RuntimeLibrary'에 대해 불일치가 검색되었습니다. 'MD_DynamicRelease' 값이 'MDd_DynamicDebug'(MemtableFlush.obj에 위치) 값과 일치하지 않습니다.
rocksdb.lib(hash_linklist_rep.obj) : error LNK2038: '_ITERATOR_DEBUG_LEVEL'에 대해 불일치가 검색되었습니다. '0' 값이 '2'(MemtableFlush.obj에 위치) 값과 일치하지 않습니다.
rocksdb.lib(hash_linklist_rep.obj) : error LNK2038: 'RuntimeLibrary'에 대해 불일치가 검색되었습니다. 'MD_DynamicRelease' 값이 'MDd_DynamicDebug'(MemtableFlush.obj에 위치) 값과 일치하지 않습니다.
rocksdb.lib(plain_table_reader.obj) : error LNK2038: '_ITERATOR_DEBUG_LEVEL'에 대해 불일치가 검색되었습니다. '0' 값이 '2'(MemtableFlush.obj에 위치) 값과 일치하지 않습니다.
rocksdb.lib(plain_table_reader.obj) : error LNK2038: 'RuntimeLibrary'에 대해 불일치가 검색되었습니다. 'MD_DynamicRelease' 값이 'MDd_DynamicDebug'(MemtableFlush.obj에 위치) 값과 일치하지 않습니다.
rocksdb.lib(compact_for_tiering_collector.obj) : error LNK2038: '_ITERATOR_DEBUG_LEVEL'에 대해 불일치가 검색되었습니다. '0' 값이 '2'(MemtableFlush.obj에 위치) 값과 일치하지 않습니다.
rocksdb.lib(compact_for_tiering_collector.obj) : error LNK2038: 'RuntimeLibrary'에 대해 불일치가 검색되었습니다. 'MD_DynamicRelease' 값이 'MDd_DynamicDebug'(MemtableFlush.obj에 위치) 값과 일치하지 않습니다.
rocksdb.lib(cuckoo_table_factory.obj) : error LNK2038: '_ITERATOR_DEBUG_LEVEL'에 대해 불일치가 검색되었습니다. '0' 값이 '2'(MemtableFlush.obj에 위치) 값과 일치하지 않습니다.
rocksdb.lib(cuckoo_table_factory.obj) : error LNK2038: 'RuntimeLibrary'에 대해 불일치가 검색되었습니다. 'MD_DynamicRelease' 값이 'MDd_DynamicDebug'(MemtableFlush.obj에 위치) 값과 일치하지 않습니다.
rocksdb.lib(remove_emptyvalue_compactionfilter.obj) : error LNK2038: '_ITERATOR_DEBUG_LEVEL'에 대해 불일치가 검색되었습니다. '0' 값이 '2'(MemtableFlush.obj에 위치) 값과 일치하지 않습니다.
rocksdb.lib(remove_emptyvalue_compactionfilter.obj) : error LNK2038: 'RuntimeLibrary'에 대해 불일치가 검색되었습니다. 'MD_DynamicRelease' 값이 'MDd_DynamicDebug'(MemtableFlush.obj에 위치) 값과 일치하지 않습니다.
rocksdb.lib(merge_operator.cc.obj) : error LNK2038: '_ITERATOR_DEBUG_LEVEL'에 대해 불일치가 검색되었습니다. '0' 값이 '2'(MemtableFlush.obj에 위치) 값과 일치하지 않습니다.
rocksdb.lib(merge_operator.cc.obj) : error LNK2038: 'RuntimeLibrary'에 대해 불일치가 검색되었습니다. 'MD_DynamicRelease' 값이 'MDd_DynamicDebug'(MemtableFlush.obj에 위치) 값과 일치하지 않습니다.
rocksdb.lib(bytesxor.obj) : error LNK2038: '_ITERATOR_DEBUG_LEVEL'에 대해 불일치가 검색되었습니다. '0' 값이 '2'(MemtableFlush.obj에 위치) 값과 일치하지 않습니다.
rocksdb.lib(bytesxor.obj) : error LNK2038: 'RuntimeLibrary'에 대해 불일치가 검색되었습니다. 'MD_DynamicRelease' 값이 'MDd_DynamicDebug'(MemtableFlush.obj에 위치) 값과 일치하지 않습니다.
rocksdb.lib(max.obj) : error LNK2038: '_ITERATOR_DEBUG_LEVEL'에 대해 불일치가 검색되었습니다. '0' 값이 '2'(MemtableFlush.obj에 위치) 값과 일치하지 않습니다.
rocksdb.lib(max.obj) : error LNK2038: 'RuntimeLibrary'에 대해 불일치가 검색되었습니다. 'MD_DynamicRelease' 값이 'MDd_DynamicDebug'(MemtableFlush.obj에 위치) 값과 일치하지 않습니다.
rocksdb.lib(put.obj) : error LNK2038: '_ITERATOR_DEBUG_LEVEL'에 대해 불일치가 검색되었습니다. '0' 값이 '2'(MemtableFlush.obj에 위치) 값과 일치하지 않습니다.
rocksdb.lib(put.obj) : error LNK2038: 'RuntimeLibrary'에 대해 불일치가 검색되었습니다. 'MD_DynamicRelease' 값이 'MDd_DynamicDebug'(MemtableFlush.obj에 위치) 값과 일치하지 않습니다.
rocksdb.lib(sortlist.obj) : error LNK2038: '_ITERATOR_DEBUG_LEVEL'에 대해 불일치가 검색되었습니다. '0' 값이 '2'(MemtableFlush.obj에 위치) 값과 일치하지 않습니다.
rocksdb.lib(sortlist.obj) : error LNK2038: 'RuntimeLibrary'에 대해 불일치가 검색되었습니다. 'MD_DynamicRelease' 값이 'MDd_DynamicDebug'(MemtableFlush.obj에 위치) 값과 일치하지 않습니다.
rocksdb.lib(stringappend.obj) : error LNK2038: '_ITERATOR_DEBUG_LEVEL'에 대해 불일치가 검색되었습니다. '0' 값이 '2'(MemtableFlush.obj에 위치) 값과 일치하지 않습니다.
rocksdb.lib(stringappend.obj) : error LNK2038: 'RuntimeLibrary'에 대해 불일치가 검색되었습니다. 'MD_DynamicRelease' 값이 'MDd_DynamicDebug'(MemtableFlush.obj에 위치) 값과 일치하지 않습니다.
rocksdb.lib(stringappend2.obj) : error LNK2038: '_ITERATOR_DEBUG_LEVEL'에 대해 불일치가 검색되었습니다. '0' 값이 '2'(MemtableFlush.obj에 위치) 값과 일치하지 않습니다.
rocksdb.lib(stringappend2.obj) : error LNK2038: 'RuntimeLibrary'에 대해 불일치가 검색되었습니다. 'MD_DynamicRelease' 값이 'MDd_DynamicDebug'(MemtableFlush.obj에 위치) 값과 일치하지 않습니다.
rocksdb.lib(uint64add.obj) : error LNK2038: '_ITERATOR_DEBUG_LEVEL'에 대해 불일치가 검색되었습니다. '0' 값이 '2'(MemtableFlush.obj에 위치) 값과 일치하지 않습니다.
rocksdb.lib(uint64add.obj) : error LNK2038: 'RuntimeLibrary'에 대해 불일치가 검색되었습니다. 'MD_DynamicRelease' 값이 'MDd_DynamicDebug'(MemtableFlush.obj에 위치) 값과 일치하지 않습니다.
rocksdb.lib(data_block_hash_index.obj) : error LNK2038: '_ITERATOR_DEBUG_LEVEL'에 대해 불일치가 검색되었습니다. '0' 값이 '2'(MemtableFlush.obj에 위치) 값과 일치하지 않습니다.
rocksdb.lib(data_block_hash_index.obj) : error LNK2038: 'RuntimeLibrary'에 대해 불일치가 검색되었습니다. 'MD_DynamicRelease' 값이 'MDd_DynamicDebug'(MemtableFlush.obj에 위치) 값과 일치하지 않습니다.
rocksdb.lib(data_block_footer.obj) : error LNK2038: '_ITERATOR_DEBUG_LEVEL'에 대해 불일치가 검색되었습니다. '0' 값이 '2'(MemtableFlush.obj에 위치) 값과 일치하지 않습니다.
rocksdb.lib(data_block_footer.obj) : error LNK2038: 'RuntimeLibrary'에 대해 불일치가 검색되었습니다. 'MD_DynamicRelease' 값이 'MDd_DynamicDebug'(MemtableFlush.obj에 위치) 값과 일치하지 않습니다.
rocksdb.lib(block_prefix_index.obj) : error LNK2038: '_ITERATOR_DEBUG_LEVEL'에 대해 불일치가 검색되었습니다. '0' 값이 '2'(MemtableFlush.obj에 위치) 값과 일치하지 않습니다.
rocksdb.lib(block_prefix_index.obj) : error LNK2038: 'RuntimeLibrary'에 대해 불일치가 검색되었습니다. 'MD_DynamicRelease' 값이 'MDd_DynamicDebug'(MemtableFlush.obj에 위치) 값과 일치하지 않습니다.
rocksdb.lib(filter_block_reader_common.obj) : error LNK2038: '_ITERATOR_DEBUG_LEVEL'에 대해 불일치가 검색되었습니다. '0' 값이 '2'(MemtableFlush.obj에 위치) 값과 일치하지 않습니다.
rocksdb.lib(filter_block_reader_common.obj) : error LNK2038: 'RuntimeLibrary'에 대해 불일치가 검색되었습니다. 'MD_DynamicRelease' 값이 'MDd_DynamicDebug'(MemtableFlush.obj에 위치) 값과 일치하지 않습니다.
rocksdb.lib(index_reader_common.obj) : error LNK2038: '_ITERATOR_DEBUG_LEVEL'에 대해 불일치가 검색되었습니다. '0' 값이 '2'(MemtableFlush.obj에 위치) 값과 일치하지 않습니다.
rocksdb.lib(index_reader_common.obj) : error LNK2038: 'RuntimeLibrary'에 대해 불일치가 검색되었습니다. 'MD_DynamicRelease' 값이 'MDd_DynamicDebug'(MemtableFlush.obj에 위치) 값과 일치하지 않습니다.
rocksdb.lib(block_prefetcher.obj) : error LNK2038: '_ITERATOR_DEBUG_LEVEL'에 대해 불일치가 검색되었습니다. '0' 값이 '2'(MemtableFlush.obj에 위치) 값과 일치하지 않습니다.
rocksdb.lib(block_prefetcher.obj) : error LNK2038: 'RuntimeLibrary'에 대해 불일치가 검색되었습니다. 'MD_DynamicRelease' 값이 'MDd_DynamicDebug'(MemtableFlush.obj에 위치) 값과 일치하지 않습니다.
rocksdb.lib(two_level_iterator.obj) : error LNK2038: '_ITERATOR_DEBUG_LEVEL'에 대해 불일치가 검색되었습니다. '0' 값이 '2'(MemtableFlush.obj에 위치) 값과 일치하지 않습니다.
rocksdb.lib(two_level_iterator.obj) : error LNK2038: 'RuntimeLibrary'에 대해 불일치가 검색되었습니다. 'MD_DynamicRelease' 값이 'MDd_DynamicDebug'(MemtableFlush.obj에 위치) 값과 일치하지 않습니다.
rocksdb.lib(partitioned_index_iterator.obj) : error LNK2038: '_ITERATOR_DEBUG_LEVEL'에 대해 불일치가 검색되었습니다. '0' 값이 '2'(MemtableFlush.obj에 위치) 값과 일치하지 않습니다.
rocksdb.lib(partitioned_index_iterator.obj) : error LNK2038: 'RuntimeLibrary'에 대해 불일치가 검색되었습니다. 'MD_DynamicRelease' 값이 'MDd_DynamicDebug'(MemtableFlush.obj에 위치) 값과 일치하지 않습니다.
rocksdb.lib(blob_log_format.obj) : error LNK2038: '_ITERATOR_DEBUG_LEVEL'에 대해 불일치가 검색되었습니다. '0' 값이 '2'(MemtableFlush.obj에 위치) 값과 일치하지 않습니다.
rocksdb.lib(blob_log_format.obj) : error LNK2038: 'RuntimeLibrary'에 대해 불일치가 검색되었습니다. 'MD_DynamicRelease' 값이 'MDd_DynamicDebug'(MemtableFlush.obj에 위치) 값과 일치하지 않습니다.
rocksdb.lib(transaction_util.obj) : error LNK2038: '_ITERATOR_DEBUG_LEVEL'에 대해 불일치가 검색되었습니다. '0' 값이 '2'(MemtableFlush.obj에 위치) 값과 일치하지 않습니다.
rocksdb.lib(transaction_util.obj) : error LNK2038: 'RuntimeLibrary'에 대해 불일치가 검색되었습니다. 'MD_DynamicRelease' 값이 'MDd_DynamicDebug'(MemtableFlush.obj에 위치) 값과 일치하지 않습니다.
rocksdb.lib(transaction_base.obj) : error LNK2038: '_ITERATOR_DEBUG_LEVEL'에 대해 불일치가 검색되었습니다. '0' 값이 '2'(MemtableFlush.obj에 위치) 값과 일치하지 않습니다.
rocksdb.lib(transaction_base.obj) : error LNK2038: 'RuntimeLibrary'에 대해 불일치가 검색되었습니다. 'MD_DynamicRelease' 값이 'MDd_DynamicDebug'(MemtableFlush.obj에 위치) 값과 일치하지 않습니다.
rocksdb.lib(write_batch_with_index.obj) : error LNK2038: '_ITERATOR_DEBUG_LEVEL'에 대해 불일치가 검색되었습니다. '0' 값이 '2'(MemtableFlush.obj에 위치) 값과 일치하지 않습니다.
rocksdb.lib(write_batch_with_index.obj) : error LNK2038: 'RuntimeLibrary'에 대해 불일치가 검색되었습니다. 'MD_DynamicRelease' 값이 'MDd_DynamicDebug'(MemtableFlush.obj에 위치) 값과 일치하지 않습니다.
rocksdb.lib(lock_manager.obj) : error LNK2038: '_ITERATOR_DEBUG_LEVEL'에 대해 불일치가 검색되었습니다. '0' 값이 '2'(MemtableFlush.obj에 위치) 값과 일치하지 않습니다.
rocksdb.lib(lock_manager.obj) : error LNK2038: 'RuntimeLibrary'에 대해 불일치가 검색되었습니다. 'MD_DynamicRelease' 값이 'MDd_DynamicDebug'(MemtableFlush.obj에 위치) 값과 일치하지 않습니다.
rocksdb.lib(write_unprepared_txn_db.obj) : error LNK2038: '_ITERATOR_DEBUG_LEVEL'에 대해 불일치가 검색되었습니다. '0' 값이 '2'(MemtableFlush.obj에 위치) 값과 일치하지 않습니다.
rocksdb.lib(write_unprepared_txn_db.obj) : error LNK2038: 'RuntimeLibrary'에 대해 불일치가 검색되었습니다. 'MD_DynamicRelease' 값이 'MDd_DynamicDebug'(MemtableFlush.obj에 위치) 값과 일치하지 않습니다.
rocksdb.lib(trace_record_handler.obj) : error LNK2038: '_ITERATOR_DEBUG_LEVEL'에 대해 불일치가 검색되었습니다. '0' 값이 '2'(MemtableFlush.obj에 위치) 값과 일치하지 않습니다.
rocksdb.lib(trace_record_handler.obj) : error LNK2038: 'RuntimeLibrary'에 대해 불일치가 검색되었습니다. 'MD_DynamicRelease' 값이 'MDd_DynamicDebug'(MemtableFlush.obj에 위치) 값과 일치하지 않습니다.
rocksdb.lib(murmurhash.obj) : error LNK2038: '_ITERATOR_DEBUG_LEVEL'에 대해 불일치가 검색되었습니다. '0' 값이 '2'(MemtableFlush.obj에 위치) 값과 일치하지 않습니다.
rocksdb.lib(murmurhash.obj) : error LNK2038: 'RuntimeLibrary'에 대해 불일치가 검색되었습니다. 'MD_DynamicRelease' 값이 'MDd_DynamicDebug'(MemtableFlush.obj에 위치) 값과 일치하지 않습니다.
rocksdb.lib(cuckoo_table_builder.obj) : error LNK2038: '_ITERATOR_DEBUG_LEVEL'에 대해 불일치가 검색되었습니다. '0' 값이 '2'(MemtableFlush.obj에 위치) 값과 일치하지 않습니다.
rocksdb.lib(cuckoo_table_builder.obj) : error LNK2038: 'RuntimeLibrary'에 대해 불일치가 검색되었습니다. 'MD_DynamicRelease' 값이 'MDd_DynamicDebug'(MemtableFlush.obj에 위치) 값과 일치하지 않습니다.
rocksdb.lib(cuckoo_table_reader.obj) : error LNK2038: '_ITERATOR_DEBUG_LEVEL'에 대해 불일치가 검색되었습니다. '0' 값이 '2'(MemtableFlush.obj에 위치) 값과 일치하지 않습니다.
rocksdb.lib(cuckoo_table_reader.obj) : error LNK2038: 'RuntimeLibrary'에 대해 불일치가 검색되었습니다. 'MD_DynamicRelease' 값이 'MDd_DynamicDebug'(MemtableFlush.obj에 위치) 값과 일치하지 않습니다.
rocksdb.lib(write_batch_with_index_internal.obj) : error LNK2038: '_ITERATOR_DEBUG_LEVEL'에 대해 불일치가 검색되었습니다. '0' 값이 '2'(MemtableFlush.obj에 위치) 값과 일치하지 않습니다.
rocksdb.lib(write_batch_with_index_internal.obj) : error LNK2038: 'RuntimeLibrary'에 대해 불일치가 검색되었습니다. 'MD_DynamicRelease' 값이 'MDd_DynamicDebug'(MemtableFlush.obj에 위치) 값과 일치하지 않습니다.
rocksdb.lib(point_lock_manager.obj) : error LNK2038: '_ITERATOR_DEBUG_LEVEL'에 대해 불일치가 검색되었습니다. '0' 값이 '2'(MemtableFlush.obj에 위치) 값과 일치하지 않습니다.
rocksdb.lib(point_lock_manager.obj) : error LNK2038: 'RuntimeLibrary'에 대해 불일치가 검색되었습니다. 'MD_DynamicRelease' 값이 'MDd_DynamicDebug'(MemtableFlush.obj에 위치) 값과 일치하지 않습니다.
rocksdb.lib(write_unprepared_txn.obj) : error LNK2038: '_ITERATOR_DEBUG_LEVEL'에 대해 불일치가 검색되었습니다. '0' 값이 '2'(MemtableFlush.obj에 위치) 값과 일치하지 않습니다.
rocksdb.lib(write_unprepared_txn.obj) : error LNK2038: 'RuntimeLibrary'에 대해 불일치가 검색되었습니다. 'MD_DynamicRelease' 값이 'MDd_DynamicDebug'(MemtableFlush.obj에 위치) 값과 일치하지 않습니다.
rocksdb.lib(trace_record_result.obj) : error LNK2038: '_ITERATOR_DEBUG_LEVEL'에 대해 불일치가 검색되었습니다. '0' 값이 '2'(MemtableFlush.obj에 위치) 값과 일치하지 않습니다.
rocksdb.lib(trace_record_result.obj) : error LNK2038: 'RuntimeLibrary'에 대해 불일치가 검색되었습니다. 'MD_DynamicRelease' 값이 'MDd_DynamicDebug'(MemtableFlush.obj에 위치) 값과 일치하지 않습니다.
rocksdb.lib(point_lock_tracker.obj) : error LNK2038: '_ITERATOR_DEBUG_LEVEL'에 대해 불일치가 검색되었습니다. '0' 값이 '2'(MemtableFlush.obj에 위치) 값과 일치하지 않습니다.
rocksdb.lib(point_lock_tracker.obj) : error LNK2038: 'RuntimeLibrary'에 대해 불일치가 검색되었습니다. 'MD_DynamicRelease' 값이 'MDd_DynamicDebug'(MemtableFlush.obj에 위치) 값과 일치하지 않습니다.
rocksdb.lib(transaction_db_mutex_impl.obj) : error LNK2038: '_ITERATOR_DEBUG_LEVEL'에 대해 불일치가 검색되었습니다. '0' 값이 '2'(MemtableFlush.obj에 위치) 값과 일치하지 않습니다.
rocksdb.lib(transaction_db_mutex_impl.obj) : error LNK2038: 'RuntimeLibrary'에 대해 불일치가 검색되었습니다. 'MD_DynamicRelease' 값이 'MDd_DynamicDebug'(MemtableFlush.obj에 위치) 값과 일치하지 않습니다.
LINK : warning LNK4098: 'MSVCRT' defaultlib가 다른 라이브러리와 충돌합니다. /NODEFAULTLIB:library를 사용하십시오.
rocksdb.lib(port_win.obj) : error LNK2019: __imp_RpcStringFreeA"bool __cdecl rocksdb::port::GenerateRfcUuid(class std::basic_string<char,struct std::char_traits<char>,class std::allocator<char> > *)" (?GenerateRfcUuid@port@rocksdb@@YA_NPEAV?$basic_string@DU?$char_traits@D@std@@V?$allocator@D@2@@std@@@Z) 함수에서 참조되는 확인할 수 없는 외부 기호
rocksdb.lib(port_win.obj) : error LNK2019: __imp_UuidCreateSequential"bool __cdecl rocksdb::port::GenerateRfcUuid(class std::basic_string<char,struct std::char_traits<char>,class std::allocator<char> > *)" (?GenerateRfcUuid@port@rocksdb@@YA_NPEAV?$basic_string@DU?$char_traits@D@std@@V?$allocator@D@2@@std@@@Z) 함수에서 참조되는 확인할 수 없는 외부 기호
rocksdb.lib(port_win.obj) : error LNK2019: __imp_UuidToStringA"bool __cdecl rocksdb::port::GenerateRfcUuid(class std::basic_string<char,struct std::char_traits<char>,class std::allocator<char> > *)" (?GenerateRfcUuid@port@rocksdb@@YA_NPEAV?$basic_string@DU?$char_traits@D@std@@V?$allocator@D@2@@std@@@Z) 함수에서 참조되는 확인할 수 없는 외부 기호
rocksdb.lib(env_win.obj) : error LNK2019: __imp_PathIsDirectoryA"public: virtual class rocksdb::IOStatus __cdecl rocksdb::port::WinFileSystem::IsDirectory(class std::basic_string<char,struct std::char_traits<char>,class std::allocator<char> > const &,struct rocksdb::IOOptions const &,bool *,struct rocksdb::IODebugContext *)" (?IsDirectory@WinFileSystem@port@rocksdb@@UEAA?AVIOStatus@3@AEBV?$basic_string@DU?$char_traits@D@std@@V?$allocator@D@2@@std@@AEBUIOOptions@3@PEA_NPEAUIODebugContext@3@@Z) 함수에서 참조되는 확인할 수 없는 외부 기호
rocksdb.lib(env_win.obj) : error LNK2019: __imp_PathIsRelativeA"public: virtual class rocksdb::IOStatus __cdecl rocksdb::port::WinFileSystem::GetAbsolutePath(class std::basic_string<char,struct std::char_traits<char>,class std::allocator<char> > const &,struct rocksdb::IOOptions const &,class std::basic_string<char,struct std::char_traits<char>,class std::allocator<char> > *,struct rocksdb::IODebugContext *)" (?GetAbsolutePath@WinFileSystem@port@rocksdb@@UEAA?AVIOStatus@3@AEBV?$basic_string@DU?$char_traits@D@std@@V?$allocator@D@2@@std@@AEBUIOOptions@3@PEAV56@PEAUIODebugContext@3@@Z) 함수에서 참조되는 확인할 수 없는 외부 기호
C:\RocksdbBrowser\RocksdbBrower\Memtable Flush\x64\Debug\Memtable Flush.exe : fatal error LNK1120: 5개의 확인할 수 없는 외부 참조입니다.
