  sst_reader.cpp
     C:\RocksdbBrowser\RocksdbBrower\SstFile Reader\x64\Release\SstFile Reader.lib 라이브러리 및 C:\RocksdbBrowser\RocksdbBrower\SstFile Reader\x64\Release\SstFile Reader.exp 개체를 생성하고 있습니다.
sst_reader.obj : error LNK2001: 확인할 수 없는 외부 기호 napi_create_function
sst_reader.obj : error LNK2001: 확인할 수 없는 외부 기호 napi_open_handle_scope
sst_reader.obj : error LNK2001: 확인할 수 없는 외부 기호 napi_get_last_error_info
sst_reader.obj : error LNK2001: 확인할 수 없는 외부 기호 napi_create_error
sst_reader.obj : error LNK2001: 확인할 수 없는 외부 기호 napi_get_null
sst_reader.obj : error LNK2001: 확인할 수 없는 외부 기호 napi_delete_reference
sst_reader.obj : error LNK2001: 확인할 수 없는 외부 기호 napi_fatal_error
sst_reader.obj : error LNK2001: 확인할 수 없는 외부 기호 napi_is_exception_pending
sst_reader.obj : error LNK2001: 확인할 수 없는 외부 기호 napi_set_element
sst_reader.obj : error LNK2001: 확인할 수 없는 외부 기호 napi_get_value_string_utf8
sst_reader.obj : error LNK2001: 확인할 수 없는 외부 기호 napi_close_escapable_handle_scope
sst_reader.obj : error LNK2001: 확인할 수 없는 외부 기호 napi_escape_handle
sst_reader.obj : error LNK2001: 확인할 수 없는 외부 기호 napi_get_property
sst_reader.obj : error LNK2001: 확인할 수 없는 외부 기호 napi_add_finalizer
sst_reader.obj : error LNK2001: 확인할 수 없는 외부 기호 napi_create_type_error
sst_reader.obj : error LNK2001: 확인할 수 없는 외부 기호 napi_create_string_utf8
sst_reader.obj : error LNK2001: 확인할 수 없는 외부 기호 napi_has_property
sst_reader.obj : error LNK2001: 확인할 수 없는 외부 기호 "public: __cdecl rocksdb::ColumnFamilyOptions::ColumnFamilyOptions(void)" (??0ColumnFamilyOptions@rocksdb@@QEAA@XZ)
sst_reader.obj : error LNK2001: 확인할 수 없는 외부 기호 "public: class rocksdb::Iterator * __cdecl rocksdb::SstFileReader::NewIterator(struct rocksdb::ReadOptions const &)" (?NewIterator@SstFileReader@rocksdb@@QEAAPEAVIterator@2@AEBUReadOptions@2@@Z)
sst_reader.obj : error LNK2001: 확인할 수 없는 외부 기호 "public: class rocksdb::Status __cdecl rocksdb::SstFileReader::Open(class std::basic_string<char,struct std::char_traits<char>,class std::allocator<char> > const &)" (?Open@SstFileReader@rocksdb@@QEAA?AVStatus@2@AEBV?$basic_string@DU?$char_traits@D@std@@V?$allocator@D@2@@std@@@Z)
sst_reader.obj : error LNK2001: 확인할 수 없는 외부 기호 "public: __cdecl rocksdb::SstFileReader::~SstFileReader(void)" (??1SstFileReader@rocksdb@@QEAA@XZ)
sst_reader.obj : error LNK2001: 확인할 수 없는 외부 기호 "public: __cdecl rocksdb::SstFileReader::SstFileReader(struct rocksdb::Options const &)" (??0SstFileReader@rocksdb@@QEAA@AEBUOptions@1@@Z)
sst_reader.obj : error LNK2001: 확인할 수 없는 외부 기호 "public: __cdecl rocksdb::DBOptions::DBOptions(void)" (??0DBOptions@rocksdb@@QEAA@XZ)
sst_reader.obj : error LNK2001: 확인할 수 없는 외부 기호 "public: class std::basic_string<char,struct std::char_traits<char>,class std::allocator<char> > __cdecl rocksdb::Status::ToString(void)const " (?ToString@Status@rocksdb@@QEBA?AV?$basic_string@DU?$char_traits@D@std@@V?$allocator@D@2@@std@@XZ)
sst_reader.obj : error LNK2001: 확인할 수 없는 외부 기호 "public: class std::basic_string<char,struct std::char_traits<char>,class std::allocator<char> > __cdecl rocksdb::Slice::ToString(bool)const " (?ToString@Slice@rocksdb@@QEBA?AV?$basic_string@DU?$char_traits@D@std@@V?$allocator@D@2@@std@@_N@Z)
sst_reader.obj : error LNK2001: 확인할 수 없는 외부 기호 napi_set_named_property
sst_reader.obj : error LNK2001: 확인할 수 없는 외부 기호 napi_get_named_property
sst_reader.obj : error LNK2001: 확인할 수 없는 외부 기호 napi_define_properties
sst_reader.obj : error LNK2001: 확인할 수 없는 외부 기호 napi_create_array
sst_reader.obj : error LNK2001: 확인할 수 없는 외부 기호 napi_typeof
sst_reader.obj : error LNK2001: 확인할 수 없는 외부 기호 napi_throw
sst_reader.obj : error LNK2001: 확인할 수 없는 외부 기호 napi_get_and_clear_last_exception
sst_reader.obj : error LNK2001: 확인할 수 없는 외부 기호 napi_create_object
sst_reader.obj : error LNK2001: 확인할 수 없는 외부 기호 napi_get_undefined
sst_reader.obj : error LNK2001: 확인할 수 없는 외부 기호 napi_get_cb_info
sst_reader.obj : error LNK2001: 확인할 수 없는 외부 기호 napi_open_escapable_handle_scope
sst_reader.obj : error LNK2001: 확인할 수 없는 외부 기호 napi_create_reference
sst_reader.obj : error LNK2001: 확인할 수 없는 외부 기호 napi_close_handle_scope
sst_reader.obj : error LNK2001: 확인할 수 없는 외부 기호 napi_get_reference_value
MSVCRT.lib(exe_main.obj) : error LNK2001: 확인할 수 없는 외부 기호 main
C:\RocksdbBrowser\RocksdbBrower\SstFile Reader\x64\Release\SstFile Reader.exe : fatal error LNK1120: 40개의 확인할 수 없는 외부 참조입니다.
